[INFO] 2025-08-28T11:04:27.472Z - Looking for 3 specific items with images
[INFO] 2025-08-28T11:04:27.472Z - Starting image compression flow test
[INFO] 2025-08-28T11:04:30.362Z - Found 3 items to process
[STEP] 2025-08-28T11:04:30.362Z - [1/3] Processing item 685eab65aa5563bffb4f8fc9
[INFO] 2025-08-28T11:04:30.363Z - Processing image for item 685eab65aa5563bffb4f8fc9
  → {
  "imageUrl": "https://cdn.prod.website-files.com/6855658fef28d7818b1ddc6b/686d74d7ebc21ca52f023760_7kz34vri3Png9n2F4RY6XTaMYnGPLh5VADj8WtBszEZpQdkx.avif",
  "field": "image"
}
[INFO] 2025-08-28T11:04:30.362Z - Item structure
  → {
  "id": "685eab65aa5563bffb4f8fc9",
  "name": "Explore the top things to do in Testaccio, Rome",
  "hasImage": true,
  "imageUrl": "https://cdn.prod.website-files.com/6855658fef28d7818b1ddc6b/686d74d7ebc21ca52f023760_7kz34vri3Png9n2F4RY6XTaMYnGPLh5VADj8WtBszEZpQdkx.avif",
  "imageObject": {
    "id": "685eab65aa5563bffb4f8fc9",
    "cmsLocaleId": "6855658fef28d7818b1ddc6a",
    "lastPublished": "2025-07-09T16:10:50.858Z",
    "lastUpdated": "2025-07-08T19:43:35.562Z",
    "createdOn": "2025-06-27T14:32:05.250Z",
    "isArchived": false,
    "isDraft": false,
    "fieldData": {
      "link": "https://www.getyourguide.com/explorer/rome-ttd33/testaccio-rome-neighborhood-guide/",
      "importance": 2,
      "name": "Explore the top things to do in Testaccio, Rome",
      "destination": "685dc86508034e0e71bbe7cd",
      "top-picks": [
        "685ea60270f985135b23cc04"
      ],
      "image": {
        "fileId": "686d74d7ebc21ca52f023760",
        "url": "https://cdn.prod.website-files.com/6855658fef28d7818b1ddc6b/686d74d7ebc21ca52f023760_7kz34vri3Png9n2F4RY6XTaMYnGPLh5VADj8WtBszEZpQdkx.avif",
        "alt": null
      },
      "slug": "explore-the-top-things-to-do-in-testaccio-rome",
      "for-de": false,
      "for-en": false
    }
  }
}
[INFO] 2025-08-28T11:04:31.841Z - Image compressed
  → {
  "originalSize": 26,
  "compressedSize": 26,
  "compressionRatio": 1
}
[SUCCESS] 2025-08-28T11:04:31.842Z - Compressed image written for item 685eab65aa5563bffb4f8fc9
[STEP] 2025-08-28T11:04:31.842Z - [2/3] Processing item 685eab6548ab3a68015c1c9a
[INFO] 2025-08-28T11:04:31.842Z - Item structure
  → {
  "id": "685eab6548ab3a68015c1c9a",
  "name": "The best neighborhoods in Rome, from Trastevere to Testaccio",
  "hasImage": true,
  "imageUrl": "https://cdn.prod.website-files.com/6855658fef28d7818b1ddc6b/686d74e65706e461a6ce98f0_7kz34vri3PngwjBBZgxqs4SIavujZJLRitlQFTh0qDxWf7UE.avif",
  "imageObject": {
    "id": "685eab6548ab3a68015c1c9a",
    "cmsLocaleId": "6855658fef28d7818b1ddc6a",
    "lastPublished": "2025-07-09T16:10:50.858Z",
    "lastUpdated": "2025-07-08T19:43:34.735Z",
    "createdOn": "2025-06-27T14:32:05.039Z",
    "isArchived": false,
    "isDraft": false,
    "fieldData": {
      "link": "https://www.getyourguide.com/explorer/rome-ttd33/best-neighborhoods-in-rome/",
      "importance": 2,
      "name": "The best neighborhoods in Rome, from Trastevere to Testaccio",
      "slug": "the-best-neighborhoods-in-rome-from-trastevere-to-testaccio",
      "destination": "685dc86508034e0e71bbe7cd",
      "image": {
        "fileId": "686d74e65706e461a6ce98f0",
        "url": "https://cdn.prod.website-files.com/6855658fef28d7818b1ddc6b/686d74e65706e461a6ce98f0_7kz34vri3PngwjBBZgxqs4SIavujZJLRitlQFTh0qDxWf7UE.avif",
        "alt": null
      },
      "top-picks": [
        "685ea60270f985135b23cc04"
      ],
      "for-de": false,
      "for-en": false
    }
  }
}
[INFO] 2025-08-28T11:04:31.842Z - Processing image for item 685eab6548ab3a68015c1c9a
  → {
  "imageUrl": "https://cdn.prod.website-files.com/6855658fef28d7818b1ddc6b/686d74e65706e461a6ce98f0_7kz34vri3PngwjBBZgxqs4SIavujZJLRitlQFTh0qDxWf7UE.avif",
  "field": "image"
}
[INFO] 2025-08-28T11:04:33.215Z - Image compressed
  → {
  "originalSize": 21,
  "compressedSize": 21,
  "compressionRatio": 1
}
[SUCCESS] 2025-08-28T11:04:33.215Z - Compressed image written for item 685eab6548ab3a68015c1c9a
[STEP] 2025-08-28T11:04:33.215Z - [3/3] Processing item 685eab6403fcee3fd17e683f
[INFO] 2025-08-28T11:04:33.215Z - Processing image for item 685eab6403fcee3fd17e683f
  → {
  "imageUrl": "https://cdn.prod.website-files.com/6855658fef28d7818b1ddc6b/686d74e5e48e2becdc3717f5_7kz34vri3PngU1tPDk6dXSNmnFqRPAW2pi4VleYIuBDEzjsK.avif",
  "field": "image"
}
[INFO] 2025-08-28T11:04:33.215Z - Item structure
  → {
  "id": "685eab6403fcee3fd17e683f",
  "name": "Rome in fall: 8 best attractions and activities",
  "hasImage": true,
  "imageUrl": "https://cdn.prod.website-files.com/6855658fef28d7818b1ddc6b/686d74e5e48e2becdc3717f5_7kz34vri3PngU1tPDk6dXSNmnFqRPAW2pi4VleYIuBDEzjsK.avif",
  "imageObject": {
    "id": "685eab6403fcee3fd17e683f",
    "cmsLocaleId": "6855658fef28d7818b1ddc6a",
    "lastPublished": "2025-07-09T16:10:50.858Z",
    "lastUpdated": "2025-07-08T19:43:34.879Z",
    "createdOn": "2025-06-27T14:32:04.831Z",
    "isArchived": false,
    "isDraft": false,
    "fieldData": {
      "link": "https://www.getyourguide.com/explorer/rome-ttd33/rome-in-fall/",
      "importance": 1,
      "name": "Rome in fall: 8 best attractions and activities",
      "interests": [
        "685d31b263b500ec270c3f1a"
      ],
      "destination": "685dc86508034e0e71bbe7cd",
      "top-picks": [
        "685ea60270f985135b23cc04"
      ],
      "image": {
        "fileId": "686d74e5e48e2becdc3717f5",
        "url": "https://cdn.prod.website-files.com/6855658fef28d7818b1ddc6b/686d74e5e48e2becdc3717f5_7kz34vri3PngU1tPDk6dXSNmnFqRPAW2pi4VleYIuBDEzjsK.avif",
        "alt": null
      },
      "slug": "rome-in-fall-8-best-attractions-and-activities",
      "for-de": false,
      "for-en": false
    }
  }
}
[INFO] 2025-08-28T11:04:34.369Z - Image compressed
  → {
  "originalSize": 40,
  "compressedSize": 40,
  "compressionRatio": 1
}
[SUCCESS] 2025-08-28T11:04:34.369Z - Compressed image written for item 685eab6403fcee3fd17e683f
[SUCCESS] 2025-08-28T11:04:34.370Z - Image compression flow test completed
