[INFO] 2025-08-28T10:41:54.312Z - Starting Webflow CMS image compression pipeline
[INFO] 2025-08-28T10:41:54.312Z - Environment validated successfully
[INFO] 2025-08-28T10:41:54.313Z - Starting to fetch all CMS items from collection
[INFO] 2025-08-28T10:41:54.985Z - Fetched batch: offset=0, count=100, total=100
[INFO] 2025-08-28T10:41:55.601Z - Fetched batch: offset=100, count=100, total=200
[INFO] 2025-08-28T10:41:55.787Z - Fetched batch: offset=200, count=100, total=300
[INFO] 2025-08-28T10:41:56.623Z - Fetched batch: offset=300, count=100, total=400
[INFO] 2025-08-28T10:41:56.831Z - Fetched batch: offset=400, count=100, total=500
[INFO] 2025-08-28T10:41:57.046Z - Fetched batch: offset=500, count=100, total=600
[INFO] 2025-08-28T10:41:57.580Z - Fetched batch: offset=600, count=100, total=700
[INFO] 2025-08-28T10:41:57.756Z - Fetched batch: offset=700, count=100, total=800
[SUCCESS] 2025-08-28T10:41:57.929Z - Successfully fetched 848 total items from collection
[SUCCESS] 2025-08-28T10:41:57.929Z - Ready to process 848 items with image compression
[INFO] 2025-08-28T10:41:57.929Z - Fetched batch: offset=800, count=48, total=848
[INFO] 2025-08-28T10:41:57.929Z - Found 668 items with potential images to process
[INFO] 2025-08-28T10:41:57.929Z - Starting parallel processing with 6 workers
[STEP] 2025-08-28T10:41:57.929Z - [1/848] Worker 1 processing item 68807cabe1ea4fc5128d23f8
[INFO] 2025-08-28T10:41:57.929Z - Processing item: 68807cabe1ea4fc5128d23f8
  → {
  "name": "Rome: Priority Access Colosseum, Roman Forum & Palatine Tour",
  "slug": "rome-priority-access-colosseum-roman-forum-palatine-tour-2"
}
[INFO] 2025-08-28T10:41:57.930Z - Skipping item 68807cabe1ea4fc5128d23f8 - no image field found
[STEP] 2025-08-28T10:41:57.930Z - [2/848] Worker 2 processing item 68807c4ffc1c2f87cf18cfea
[INFO] 2025-08-28T10:41:57.930Z - Processing item: 68807c4ffc1c2f87cf18cfea
  → {
  "name": "8 best things to do alone in Marrakesh: A video guide",
  "slug": "8-best-things-to-do-alone-in-marrakesh-a-video-guide-2"
}
[INFO] 2025-08-28T10:41:57.930Z - Skipping item 68807c4ffc1c2f87cf18cfea - no image field found
[STEP] 2025-08-28T10:41:57.930Z - [3/848] Worker 3 processing item 68807bed9d2bb6a0d6a6408f
[INFO] 2025-08-28T10:41:57.930Z - Processing item: 68807bed9d2bb6a0d6a6408f
  → {
  "name": "Budapest: Buda Castle District Vampires and Myths Night Tour",
  "slug": "budapest-buda-castle-district-vampires-and-myths-night-tour-2"
}
[INFO] 2025-08-28T10:41:57.930Z - Skipping item 68807bed9d2bb6a0d6a6408f - no image field found
[STEP] 2025-08-28T10:41:57.930Z - [4/848] Worker 4 processing item 68807ba22c1d5d9accc54fbb
[INFO] 2025-08-28T10:41:57.930Z - Processing item: 68807ba22c1d5d9accc54fbb
  → {
  "name": "Rome: Vatican, Trionfale Market Wine & Food Tasting Tour",
  "slug": "rome-vatican-trionfale-market-wine-food-tasting-tour-2"
}
[INFO] 2025-08-28T10:41:57.930Z - Skipping item 68807ba22c1d5d9accc54fbb - no image field found
[STEP] 2025-08-28T10:41:57.930Z - [5/848] Worker 5 processing item 68807b645cc81a41157f453c
[INFO] 2025-08-28T10:41:57.930Z - Processing item: 68807b645cc81a41157f453c
  → {
  "name": "Watch a local insider share the best things to do in Hamburg",
  "slug": "watch-a-local-insider-share-the-best-things-to-do-in-hamburg-2"
}
[INFO] 2025-08-28T10:41:57.930Z - Skipping item 68807b645cc81a41157f453c - no image field found
[STEP] 2025-08-28T10:41:57.930Z - [6/848] Worker 6 processing item 68807b1bbf514053dcea027d
[INFO] 2025-08-28T10:41:57.930Z - Processing item: 68807b1bbf514053dcea027d
  → {
  "name": "One day itinerary in New York City: A local's insider video",
  "slug": "one-day-itinerary-in-new-york-city-a-locals-insider-video-2"
}
[INFO] 2025-08-28T10:41:57.930Z - Skipping item 68807b1bbf514053dcea027d - no image field found
[STEP] 2025-08-28T10:41:57.930Z - [7/848] Worker 1 processing item 68807ad05cc81a41157ee76b
[INFO] 2025-08-28T10:41:57.930Z - Processing item: 68807ad05cc81a41157ee76b
  → {
  "name": "From London: Stonehenge Inner Circle and Windsor Day Trip",
  "slug": "from-london-stonehenge-inner-circle-and-windsor-day-trip-2"
}
[STEP] 2025-08-28T10:41:57.930Z - [8/848] Worker 2 processing item 68807a86ac8d20715efa2963
[INFO] 2025-08-28T10:41:57.930Z - Processing item: 68807a86ac8d20715efa2963
  → {
  "name": "Things to do alone in Prague: 8 activities for solo travelers",
  "slug": "things-to-do-alone-in-prague-8-activities-for-solo-travelers-2"
}
[INFO] 2025-08-28T10:41:57.931Z - Skipping item 68807a86ac8d20715efa2963 - no image field found
[STEP] 2025-08-28T10:41:57.931Z - [9/848] Worker 3 processing item 68807a3cac98b15adeeb7fc7
[INFO] 2025-08-28T10:41:57.930Z - Skipping item 68807ad05cc81a41157ee76b - no image field found
[INFO] 2025-08-28T10:41:57.931Z - Processing item: 68807a3cac98b15adeeb7fc7
  → {
  "name": "Watch the most romantic things to do in Paris",
  "slug": "watch-the-most-romantic-things-to-do-in-paris-2"
}
[INFO] 2025-08-28T10:41:57.931Z - Skipping item 68807a3cac98b15adeeb7fc7 - no image field found
[STEP] 2025-08-28T10:41:57.931Z - [10/848] Worker 4 processing item 688079d9e1ea4fc5128ae62a
[INFO] 2025-08-28T10:41:57.931Z - Processing item: 688079d9e1ea4fc5128ae62a
  → {
  "name": "Dubai: Desert Safari, Quad Bike, Camel Ride & Al Khayma Camp",
  "slug": "dubai-desert-safari-quad-bike-camel-ride-al-khayma-camp-2"
}
[INFO] 2025-08-28T10:41:57.931Z - Skipping item 688079d9e1ea4fc5128ae62a - no image field found
[STEP] 2025-08-28T10:41:57.931Z - [11/848] Worker 5 processing item 688079915cc81a41157e629b
[INFO] 2025-08-28T10:41:57.931Z - Processing item: 688079915cc81a41157e629b
  → {
  "name": "One day in Barcelona: a local video guide",
  "slug": "one-day-in-barcelona-a-local-video-guide-2"
}
[INFO] 2025-08-28T10:41:57.931Z - Skipping item 688079915cc81a41157e629b - no image field found
[STEP] 2025-08-28T10:41:57.931Z - [12/848] Worker 6 processing item 68807921ebb5dc6b72ba7e88
[INFO] 2025-08-28T10:41:57.931Z - Processing item: 68807921ebb5dc6b72ba7e88
  → {
  "name": "Watch the top things to do alone in Rome",
  "slug": "watch-the-top-things-to-do-alone-in-rome-2"
}
[INFO] 2025-08-28T10:41:57.931Z - Skipping item 68807921ebb5dc6b72ba7e88 - no image field found
[STEP] 2025-08-28T10:41:57.931Z - [13/848] Worker 1 processing item 688078bde02b30f4458edf03
[INFO] 2025-08-28T10:41:57.931Z - Processing item: 688078bde02b30f4458edf03
  → {
  "name": "Dubai: Old Dubai Souks, Abra Ride, and Street Food Tour",
  "slug": "dubai-old-dubai-souks-abra-ride-and-street-food-tour-2"
}
[INFO] 2025-08-28T10:41:57.931Z - Skipping item 688078bde02b30f4458edf03 - no image field found
[STEP] 2025-08-28T10:41:57.931Z - [14/848] Worker 2 processing item 688078110a2edc7389356c8a
[INFO] 2025-08-28T10:41:57.931Z - Processing item: 688078110a2edc7389356c8a
  → {
  "name": "Hamburg: Speicherstadt Walking Tour with Coffee Tasting",
  "slug": "hamburg-speicherstadt-walking-tour-with-coffee-tasting"
}
[INFO] 2025-08-28T10:41:57.931Z - Skipping item 688078110a2edc7389356c8a - no image field found
[STEP] 2025-08-28T10:41:57.931Z - [15/848] Worker 3 processing item 688077c60a0f5ea1a1e24fed
[INFO] 2025-08-28T10:41:57.931Z - Processing item: 688077c60a0f5ea1a1e24fed
  → {
  "name": "Watch a local insider's one day itinerary in Rome",
  "slug": "watch-a-local-insiders-one-day-itinerary-in-rome-2"
}
[INFO] 2025-08-28T10:41:57.931Z - Skipping item 688077c60a0f5ea1a1e24fed - no image field found
[INFO] 2025-08-28T10:41:57.931Z - Progress: 10/848 completed
[STEP] 2025-08-28T10:41:57.931Z - [16/848] Worker 4 processing item 68807767ebb5dc6b72b92075
[INFO] 2025-08-28T10:41:57.931Z - Processing item: 68807767ebb5dc6b72b92075
  → {
  "name": "Watch a local insider share the best things to do in Prague",
  "slug": "watch-a-local-insider-share-the-best-things-to-do-in-prague-2"
}
[INFO] 2025-08-28T10:41:57.931Z - Skipping item 68807767ebb5dc6b72b92075 - no image field found
[STEP] 2025-08-28T10:41:57.931Z - [17/848] Worker 5 processing item 688076efe1ea4fc512894983
[INFO] 2025-08-28T10:41:57.931Z - Processing item: 688076efe1ea4fc512894983
  → {
  "name": "NYC: Brooklyn Graffiti and Street Art Walking Tour",
  "slug": "nyc-brooklyn-graffiti-and-street-art-walking-tour-2"
}
[INFO] 2025-08-28T10:41:57.931Z - Skipping item 688076efe1ea4fc512894983 - no image field found
[STEP] 2025-08-28T10:41:57.931Z - [18/848] Worker 6 processing item 688076512feb7eaaf7427aa4
[INFO] 2025-08-28T10:41:57.931Z - Processing item: 688076512feb7eaaf7427aa4
  → {
  "name": "East London: Street Art Tour & Spray Painting Session",
  "slug": "east-london-street-art-tour-spray-painting-session-2"
}
[INFO] 2025-08-28T10:41:57.931Z - Skipping item 688076512feb7eaaf7427aa4 - no image field found
[STEP] 2025-08-28T10:41:57.931Z - [19/848] Worker 1 processing item 688074acac98b15adee9add0
[INFO] 2025-08-28T10:41:57.931Z - Processing item: 688074acac98b15adee9add0
  → {
  "name": "One day itinerary in Paris: what to see and where to eat",
  "slug": "one-day-itinerary-in-paris-what-to-see-and-where-to-eat-2"
}
[INFO] 2025-08-28T10:41:57.932Z - Skipping item 688074acac98b15adee9add0 - no image field found
[STEP] 2025-08-28T10:41:57.932Z - [20/848] Worker 2 processing item 688074412c1d5d9accc281e4
[INFO] 2025-08-28T10:41:57.932Z - Processing item: 688074412c1d5d9accc281e4
  → {
  "name": "Amsterdam with a local: Watch the best things to do and see",
  "slug": "amsterdam-with-a-local-watch-the-best-things-to-do-and-see-2"
}
[INFO] 2025-08-28T10:41:57.932Z - Skipping item 688074412c1d5d9accc281e4 - no image field found
[STEP] 2025-08-28T10:41:57.932Z - [21/848] Worker 3 processing item 688073ab0a2edc738933e968
[INFO] 2025-08-28T10:41:57.932Z - Processing item: 688073ab0a2edc738933e968
  → {
  "name": "Gay Berlin Tour: Out in Schöneberg",
  "slug": "gay-berlin-tour-out-in-schoneberg"
}
[INFO] 2025-08-28T10:41:57.932Z - Skipping item 688073ab0a2edc738933e968 - no image field found
[STEP] 2025-08-28T10:41:57.932Z - [22/848] Worker 4 processing item 687e0093a8a3ff8135f4201d
[INFO] 2025-08-28T10:41:57.932Z - Processing item: 687e0093a8a3ff8135f4201d
  → {
  "name": "Test2",
  "slug": "test2"
}
[INFO] 2025-08-28T10:41:57.932Z - Skipping item 687e0093a8a3ff8135f4201d - no image field found
[STEP] 2025-08-28T10:41:57.932Z - [23/848] Worker 5 processing item 687a4a233a699c7f0f10b86d
[INFO] 2025-08-28T10:41:57.932Z - Processing item: 687a4a233a699c7f0f10b86d
  → {
  "name": "Test",
  "slug": "test"
}
[INFO] 2025-08-28T10:41:57.932Z - Skipping item 687a4a233a699c7f0f10b86d - no image field found
[STEP] 2025-08-28T10:41:57.932Z - [24/848] Worker 6 processing item 686ff7514aaadac5fdcbf8d4
[INFO] 2025-08-28T10:41:57.932Z - Processing item: 686ff7514aaadac5fdcbf8d4
  → {
  "name": "@thebackpacker_mom chooses her favorite Prague experiences",
  "slug": "thebackpacker-mom-chooses-her-favorite-prague-experiences"
}
[INFO] 2025-08-28T10:41:57.932Z - Processing image for item 686ff7514aaadac5fdcbf8d4
  → {
  "imageUrl": "https://cdn.prod.website-files.com/6855658fef28d7818b1ddc6b/68762c1ba160bdf48778fe60_929c0afc684a8a70b9106967e93cf5579483a081d322b754ac72029a39181520.avif",
  "field": "image",
  "itemName": "@thebackpacker_mom chooses her favorite Prague experiences"
}
[STEP] 2025-08-28T10:41:57.933Z - [25/848] Worker 1 processing item 686ff719a43f874e7f33181b
[INFO] 2025-08-28T10:41:57.933Z - Processing item: 686ff719a43f874e7f33181b
  → {
  "name": "Beer, art, and underground Prague: @awaytothecity’s favorites",
  "slug": "beer-art-and-underground-prague-awaytothecitys-favorites"
}
[INFO] 2025-08-28T10:41:57.934Z - Processing image for item 686ff719a43f874e7f33181b
  → {
  "imageUrl": "https://cdn.prod.website-files.com/6855658fef28d7818b1ddc6b/68762bf8bbcfc93e0b55ca9e_4a106869c0064503ed807a861ceca1ea68a146ea1f0bfdfe3361c92bad191657.avif",
  "field": "image",
  "itemName": "Beer, art, and underground Prague: @awaytothecity’s favorites"
}
[INFO] 2025-08-28T10:41:57.935Z - Progress: 20/848 completed
[STEP] 2025-08-28T10:41:57.935Z - [26/848] Worker 2 processing item 686ff6ea85ceabdd05e27131
[INFO] 2025-08-28T10:41:57.935Z - Processing item: 686ff6ea85ceabdd05e27131
  → {
  "name": "Go medieval in Prague with @latinatraveler’s top experiences",
  "slug": "go-medieval-in-prague-with-latinatravelers-top-experiences"
}
[INFO] 2025-08-28T10:41:57.935Z - Processing image for item 686ff6ea85ceabdd05e27131
  → {
  "imageUrl": "https://cdn.prod.website-files.com/6855658fef28d7818b1ddc6b/68762bdfe2a1823be9e93650_449600a13f1d8011.avif",
  "field": "image",
  "itemName": "Go medieval in Prague with @latinatraveler’s top experiences"
}
[STEP] 2025-08-28T10:41:57.936Z - [27/848] Worker 3 processing item 686ff688c7ff3b519e9f812a
[INFO] 2025-08-28T10:41:57.936Z - Processing item: 686ff688c7ff3b519e9f812a
  → {
  "name": "Culture, history, dinner, and dancing: Top picks in Prague",
  "slug": "culture-history-dinner-and-dancing-top-picks-in-prague"
}
[INFO] 2025-08-28T10:41:57.936Z - Processing image for item 686ff688c7ff3b519e9f812a
  → {
  "imageUrl": "https://cdn.prod.website-files.com/6855658fef28d7818b1ddc6b/68762bc5068a974401928e0b_67e67287a18ac5dc.avif",
  "field": "image",
  "itemName": "Culture, history, dinner, and dancing: Top picks in Prague"
}
[STEP] 2025-08-28T10:41:57.936Z - [28/848] Worker 4 processing item 686ff63415aab5d06646350e
[INFO] 2025-08-28T10:41:57.936Z - Processing item: 686ff63415aab5d06646350e
  → {
  "name": "Iconic sights and hidden gems: see Prague like Ale and Ivan",
  "slug": "iconic-sights-and-hidden-gems-see-prague-like-ale-and-ivan"
}
[INFO] 2025-08-28T10:41:57.937Z - Processing image for item 686ff63415aab5d06646350e
  → {
  "imageUrl": "https://cdn.prod.website-files.com/6855658fef28d7818b1ddc6b/68762ba3bbcfc93e0b558445_f7e6a90af57229fd1946571d56e4c3b477c7127e78172e13dacee133c86f6241.avif",
  "field": "image",
  "itemName": "Iconic sights and hidden gems: see Prague like Ale and Ivan"
}
[STEP] 2025-08-28T10:41:57.937Z - [29/848] Worker 5 processing item 686ff5dd52ad4f15c4403af6
[INFO] 2025-08-28T10:41:57.937Z - Processing item: 686ff5dd52ad4f15c4403af6
  → {
  "name": "Cheese, wine, and sightseeing: Explore Hamburg like @vctrjo",
  "slug": "cheese-wine-and-sightseeing-explore-hamburg-like-vctrjo"
}
[INFO] 2025-08-28T10:41:57.937Z - Processing image for item 686ff5dd52ad4f15c4403af6
  → {
  "imageUrl": "https://cdn.prod.website-files.com/6855658fef28d7818b1ddc6b/68762b85b4cfcc1bf0b370e9_12ed61fdfe735f4a.avif",
  "field": "image",
  "itemName": "Cheese, wine, and sightseeing: Explore Hamburg like @vctrjo"
}
[INFO] 2025-08-28T10:41:58.271Z - Downloaded image: 29 KB
[ERROR] 2025-08-28T10:41:58.276Z - Failed to process image for item 686ff7514aaadac5fdcbf8d4
  → {
  "message": "source: bad seek to 30029\nheif: Invalid input: Unspecified: Bitstream not supported by this decoder (2.0)"
}
[INFO] 2025-08-28T10:41:58.279Z - Processing image for item 686ff5aeb3c0bb662b7b3900
  → {
  "imageUrl": "https://cdn.prod.website-files.com/6855658fef28d7818b1ddc6b/68762b6aeb61bad497f838b4_4d4ca2102fa852cf.avif",
  "field": "image",
  "itemName": "Taste your way around Hamburg’s sweetest attraction like Ece"
}
[STEP] 2025-08-28T10:41:58.279Z - [30/848] Worker 6 processing item 686ff5aeb3c0bb662b7b3900
[ERROR] 2025-08-28T10:41:58.279Z - Failed to process item 686ff7514aaadac5fdcbf8d4
[INFO] 2025-08-28T10:41:58.279Z - Processing item: 686ff5aeb3c0bb662b7b3900
  → {
  "name": "Taste your way around Hamburg’s sweetest attraction like Ece",
  "slug": "taste-your-way-around-hamburgs-sweetest-attraction-like-ece"
}
[INFO] 2025-08-28T10:41:58.307Z - Downloaded image: 98 KB
[INFO] 2025-08-28T10:41:58.313Z - Downloaded image: 77 KB
[ERROR] 2025-08-28T10:41:58.319Z - Failed to process item 686ff63415aab5d06646350e
[STEP] 2025-08-28T10:41:58.319Z - [31/848] Worker 4 processing item 686ff579a0c0d61bc8974a7d
[ERROR] 2025-08-28T10:41:58.318Z - Failed to process image for item 686ff63415aab5d06646350e
  → {
  "message": "source: bad seek to 78424\nheif: Invalid input: Unspecified: Bitstream not supported by this decoder (2.0)"
}
[INFO] 2025-08-28T10:41:58.319Z - Processing item: 686ff579a0c0d61bc8974a7d
  → {
  "name": "Priya’s chooses her top way to see Hamburg by boat",
  "slug": "priyas-chooses-her-top-way-to-see-hamburg-by-boat"
}
[INFO] 2025-08-28T10:41:58.320Z - Downloaded image: 72 KB
[INFO] 2025-08-28T10:41:58.319Z - Processing image for item 686ff579a0c0d61bc8974a7d
  → {
  "imageUrl": "https://cdn.prod.website-files.com/6855658fef28d7818b1ddc6b/68762b3ce2a1823be9e8bc73_efce0102f1aa34a2.avif",
  "field": "image",
  "itemName": "Priya’s chooses her top way to see Hamburg by boat"
}
[ERROR] 2025-08-28T10:41:58.322Z - Failed to process image for item 686ff6ea85ceabdd05e27131
  → {
  "message": "source: bad seek to 73557\nheif: Invalid input: Unspecified: Bitstream not supported by this decoder (2.0)"
}
[ERROR] 2025-08-28T10:41:58.322Z - Failed to process item 686ff6ea85ceabdd05e27131
[STEP] 2025-08-28T10:41:58.323Z - [32/848] Worker 2 processing item 686ff541d4079bef5d3e25ac
[INFO] 2025-08-28T10:41:58.323Z - Processing image for item 686ff541d4079bef5d3e25ac
  → {
  "imageUrl": "https://cdn.prod.website-files.com/6855658fef28d7818b1ddc6b/68762b1ab4cfcc1bf0b31619_0047e49d5a22ec8856feb6fb31881fc954b82056ec329065f751a14dc773a0fe.avif",
  "field": "image",
  "itemName": "A traveler’s favorite art and sightseeing picks in Hamburg"
}
[INFO] 2025-08-28T10:41:58.323Z - Processing item: 686ff541d4079bef5d3e25ac
  → {
  "name": "A traveler’s favorite art and sightseeing picks in Hamburg",
  "slug": "a-travelers-favorite-art-and-sightseeing-picks-in-hamburg"
}
[INFO] 2025-08-28T10:41:58.333Z - Downloaded image: 71 KB
[ERROR] 2025-08-28T10:41:58.337Z - Failed to process image for item 686ff5dd52ad4f15c4403af6
  → {
  "message": "source: bad seek to 72398\nheif: Invalid input: Unspecified: Bitstream not supported by this decoder (2.0)"
}
[ERROR] 2025-08-28T10:41:58.337Z - Failed to process item 686ff5dd52ad4f15c4403af6
[STEP] 2025-08-28T10:41:58.337Z - [33/848] Worker 5 processing item 686ff4fb9acbef8702463cd9
[INFO] 2025-08-28T10:41:58.338Z - Processing item: 686ff4fb9acbef8702463cd9
  → {
  "name": "Canoes to views: @merchexthomas’s must-do Berlin activities",
  "slug": "canoes-to-views-merchexthomass-must-do-berlin-activities"
}
[INFO] 2025-08-28T10:41:58.338Z - Processing image for item 686ff4fb9acbef8702463cd9
  → {
  "imageUrl": "https://cdn.prod.website-files.com/6855658fef28d7818b1ddc6b/6876290152e90b844aa36858_226b3424de0470bc4428c0c0a48fdb5ed70ff00b9ae1cd93aee2036ff9b6a918.avif",
  "field": "image",
  "itemName": "Canoes to views: @merchexthomas’s must-do Berlin activities"
}
[INFO] 2025-08-28T10:41:58.356Z - Downloaded image: 99 KB
[ERROR] 2025-08-28T10:41:58.364Z - Failed to process item 686ff719a43f874e7f33181b
[ERROR] 2025-08-28T10:41:58.363Z - Failed to process image for item 686ff719a43f874e7f33181b
  → {
  "message": "source: bad seek to 101042\nheif: Invalid input: Unspecified: Bitstream not supported by this decoder (2.0)"
}
[STEP] 2025-08-28T10:41:58.364Z - [34/848] Worker 1 processing item 686ff48525d3d7374c0ef91b
[INFO] 2025-08-28T10:41:58.364Z - Processing item: 686ff48525d3d7374c0ef91b
  → {
  "name": "Fun ways to get the best views in Berlin, chosen by Arlinda",
  "slug": "fun-ways-to-get-the-best-views-in-berlin-chosen-by-arlinda"
}
[INFO] 2025-08-28T10:41:58.365Z - Processing image for item 686ff48525d3d7374c0ef91b
  → {
  "imageUrl": "https://cdn.prod.website-files.com/6855658fef28d7818b1ddc6b/68762adba727c262f7e823fe_eb496dadae2140163c474aa962a5d8c58ce47d62d0e59d4cff780e93b55d2e15.avif",
  "field": "image",
  "itemName": "Fun ways to get the best views in Berlin, chosen by Arlinda"
}
[INFO] 2025-08-28T10:41:58.543Z - Downloaded image: 70 KB
[ERROR] 2025-08-28T10:41:58.544Z - Failed to process image for item 686ff541d4079bef5d3e25ac
  → {
  "message": "source: bad seek to 71576\nheif: Invalid input: Unspecified: Bitstream not supported by this decoder (2.0)"
}
[ERROR] 2025-08-28T10:41:58.545Z - Failed to process item 686ff541d4079bef5d3e25ac
[INFO] 2025-08-28T10:41:58.545Z - Processing item: 686ff44f25d3d7374c0e9e5f
  → {
  "name": "@marywave_foodie’s tastiest food experiences in Berlin",
  "slug": "marywave-foodies-tastiest-food-experiences-in-berlin"
}
[INFO] 2025-08-28T10:41:58.545Z - Processing image for item 686ff44f25d3d7374c0e9e5f
  → {
  "imageUrl": "https://cdn.prod.website-files.com/6855658fef28d7818b1ddc6b/68762abcd551121dda10e1c0_918f0b59984f3d29.avif",
  "field": "image",
  "itemName": "@marywave_foodie’s tastiest food experiences in Berlin"
}
[STEP] 2025-08-28T10:41:58.545Z - [35/848] Worker 2 processing item 686ff44f25d3d7374c0e9e5f
[INFO] 2025-08-28T10:41:58.569Z - Downloaded image: 31 KB
[ERROR] 2025-08-28T10:41:58.570Z - Failed to process image for item 686ff48525d3d7374c0ef91b
  → {
  "message": "source: bad seek to 31332\nheif: Invalid input: Unspecified: Bitstream not supported by this decoder (2.0)"
}
[ERROR] 2025-08-28T10:41:58.571Z - Failed to process item 686ff48525d3d7374c0ef91b
[STEP] 2025-08-28T10:41:58.571Z - [36/848] Worker 1 processing item 686ff3dd7c599949e094da93
[INFO] 2025-08-28T10:41:58.571Z - Processing image for item 686ff3dd7c599949e094da93
  → {
  "imageUrl": "https://cdn.prod.website-files.com/6855658fef28d7818b1ddc6b/68762a98e2a1823be9e826a0_bc741f5d1499ff7e.avif",
  "field": "image",
  "itemName": "Cruise around Berlin’s art hotspots with Bridget’s top picks"
}
[INFO] 2025-08-28T10:41:58.571Z - Processing item: 686ff3dd7c599949e094da93
  → {
  "name": "Cruise around Berlin’s art hotspots with Bridget’s top picks",
  "slug": "cruise-around-berlins-art-hotspots-with-bridgets-top-picks"
}
[INFO] 2025-08-28T10:41:58.613Z - Downloaded image: 95 KB
[ERROR] 2025-08-28T10:41:58.615Z - Failed to process image for item 686ff579a0c0d61bc8974a7d
  → {
  "message": "source: bad seek to 96806\nheif: Invalid input: Unspecified: Bitstream not supported by this decoder (2.0)"
}
[ERROR] 2025-08-28T10:41:58.616Z - Failed to process item 686ff579a0c0d61bc8974a7d
[STEP] 2025-08-28T10:41:58.616Z - [37/848] Worker 4 processing item 686ff39e51e8787ff0fde7a6
[INFO] 2025-08-28T10:41:58.616Z - Processing item: 686ff39e51e8787ff0fde7a6
  → {
  "name": "See Berlin by bike, bus, or on foot with @planvoyagerepeat",
  "slug": "see-berlin-by-bike-bus-or-on-foot-with-planvoyagerepeat"
}
[INFO] 2025-08-28T10:41:58.616Z - Processing image for item 686ff39e51e8787ff0fde7a6
  → {
  "imageUrl": "https://cdn.prod.website-files.com/6855658fef28d7818b1ddc6b/68762a20a160bdf48777e21e_5d6d13a9b46c8.avif",
  "field": "image",
  "itemName": "See Berlin by bike, bus, or on foot with @planvoyagerepeat"
}
[INFO] 2025-08-28T10:41:58.619Z - Downloaded image: 22 KB
[ERROR] 2025-08-28T10:41:58.622Z - Failed to process image for item 686ff5aeb3c0bb662b7b3900
  → {
  "message": "source: bad seek to 22948\nheif: Invalid input: Unspecified: Bitstream not supported by this decoder (2.0)"
}
[INFO] 2025-08-28T10:41:58.622Z - Progress: 30/848 completed
[STEP] 2025-08-28T10:41:58.622Z - [38/848] Worker 6 processing item 686e945525aeff4947f9e3bb
[INFO] 2025-08-28T10:41:58.622Z - Processing item: 686e945525aeff4947f9e3bb
  → {
  "name": "Things to do alone in Prague: 8 activities for solo travelers",
  "slug": "things-to-do-alone-in-prague-8-activities-for-solo-travelers"
}
[ERROR] 2025-08-28T10:41:58.622Z - Failed to process item 686ff5aeb3c0bb662b7b3900
[INFO] 2025-08-28T10:41:58.622Z - Skipping item 686e945525aeff4947f9e3bb - no image field found
[INFO] 2025-08-28T10:41:58.622Z - Processing item: 686e94551ead7c27ab0f47a5
  → {
  "name": "Watch a local insider share the best things to do in Prague",
  "slug": "watch-a-local-insider-share-the-best-things-to-do-in-prague"
}
[STEP] 2025-08-28T10:41:58.622Z - [39/848] Worker 6 processing item 686e94551ead7c27ab0f47a5
[STEP] 2025-08-28T10:41:58.622Z - [40/848] Worker 6 processing item 686e9455a0b0f6a7bb5c9e87
[INFO] 2025-08-28T10:41:58.622Z - Skipping item 686e94551ead7c27ab0f47a5 - no image field found
[INFO] 2025-08-28T10:41:58.622Z - Processing item: 686e9455a0b0f6a7bb5c9e87
  → {
  "name": "Make the most of one day in Prague with this video guide",
  "slug": "make-the-most-of-one-day-in-prague-with-this-video-guide"
}
[INFO] 2025-08-28T10:41:58.622Z - Skipping item 686e9455a0b0f6a7bb5c9e87 - no image field found
[STEP] 2025-08-28T10:41:58.622Z - [41/848] Worker 6 processing item 686e9455de3955c8aa392aa5
[INFO] 2025-08-28T10:41:58.623Z - Skipping item 686e9455de3955c8aa392aa5 - no image field found
[INFO] 2025-08-28T10:41:58.622Z - Progress: 40/848 completed
[INFO] 2025-08-28T10:41:58.622Z - Processing item: 686e9455de3955c8aa392aa5
  → {
  "name": "Watch 10 best things to do in New York City",
  "slug": "watch-10-best-things-to-do-in-new-york-city"
}
[STEP] 2025-08-28T10:41:58.623Z - [42/848] Worker 6 processing item 686e9455de3955c8aa392a8b
[INFO] 2025-08-28T10:41:58.623Z - Processing item: 686e9455de3955c8aa392a8b
  → {
  "name": "One day itinerary in New York City: A local's insider video",
  "slug": "one-day-itinerary-in-new-york-city-a-locals-insider-video"
}
[INFO] 2025-08-28T10:41:58.623Z - Skipping item 686e9455de3955c8aa392a8b - no image field found
[STEP] 2025-08-28T10:41:58.623Z - [43/848] Worker 6 processing item 686e9455d5d84d4c4b9bab1b
[INFO] 2025-08-28T10:41:58.623Z - Processing item: 686e9455d5d84d4c4b9bab1b
  → {
  "name": "8 romantic things to do in New York City: couples edition",
  "slug": "8-romantic-things-to-do-in-new-york-city-couples-edition"
}
[INFO] 2025-08-28T10:41:58.623Z - Skipping item 686e9455d5d84d4c4b9bab1b - no image field found
[STEP] 2025-08-28T10:41:58.623Z - [44/848] Worker 6 processing item 686e9455ca683221fb907717
[INFO] 2025-08-28T10:41:58.623Z - Processing item: 686e9455ca683221fb907717
  → {
  "name": "10 romantic things to do in Hamburg: a local guide",
  "slug": "10-romantic-things-to-do-in-hamburg-a-local-guide"
}
[INFO] 2025-08-28T10:41:58.623Z - Skipping item 686e9455ca683221fb907717 - no image field found
[INFO] 2025-08-28T10:41:58.623Z - Processing item: 686e9454ff1b9fb2e983e651
  → {
  "name": "Watch a local insider share the best things to do in Hamburg",
  "slug": "watch-a-local-insider-share-the-best-things-to-do-in-hamburg"
}
[STEP] 2025-08-28T10:41:58.623Z - [45/848] Worker 6 processing item 686e9454ff1b9fb2e983e651
[INFO] 2025-08-28T10:41:58.623Z - Skipping item 686e9454ff1b9fb2e983e651 - no image field found
[INFO] 2025-08-28T10:41:58.623Z - Processing item: 686e9454c03acfa47ce85dfc
  → {
  "name": "Watch an insider's guide to spending one day in Hamburg",
  "slug": "watch-an-insiders-guide-to-spending-one-day-in-hamburg"
}
[INFO] 2025-08-28T10:41:58.623Z - Skipping item 686e9454c03acfa47ce85dfc - no image field found
[STEP] 2025-08-28T10:41:58.623Z - [46/848] Worker 6 processing item 686e9454c03acfa47ce85dfc
[INFO] 2025-08-28T10:41:58.623Z - Processing item: 686e945414489afa4bec6576
  → {
  "name": "Discover the top things to do in Berlin with this local video guide",
  "slug": "discover-the-top-things-to-do-in-berlin-with-this-local-video-guide"
}
[STEP] 2025-08-28T10:41:58.623Z - [47/848] Worker 6 processing item 686e945414489afa4bec6576
[STEP] 2025-08-28T10:41:58.623Z - [48/848] Worker 6 processing item 686e9454a0b0f6a7bb5c9d57
[INFO] 2025-08-28T10:41:58.623Z - Skipping item 686e945414489afa4bec6576 - no image field found
[INFO] 2025-08-28T10:41:58.623Z - Processing item: 686e9454a0b0f6a7bb5c9d57
  → {
  "name": "Watch the top things to do alone in Rome",
  "slug": "watch-the-top-things-to-do-alone-in-rome"
}
[INFO] 2025-08-28T10:41:58.623Z - Skipping item 686e9454a0b0f6a7bb5c9d57 - no image field found
[STEP] 2025-08-28T10:41:58.623Z - [49/848] Worker 6 processing item 686e945417e5dc450edf4b81
[INFO] 2025-08-28T10:41:58.623Z - Processing item: 686e945417e5dc450edf4b81
  → {
  "name": "How to spend the perfect one day in Berlin",
  "slug": "how-to-spend-the-perfect-one-day-in-berlin"
}
[INFO] 2025-08-28T10:41:58.623Z - Skipping item 686e945417e5dc450edf4b81 - no image field found
[STEP] 2025-08-28T10:41:58.623Z - [50/848] Worker 6 processing item 686e94542f97f06c5827d580
[INFO] 2025-08-28T10:41:58.623Z - Skipping item 686e94542f97f06c5827d580 - no image field found
[INFO] 2025-08-28T10:41:58.623Z - Processing item: 686e94542f97f06c5827d580
  → {
  "name": "Watch the top things to do in Rome",
  "slug": "watch-the-top-things-to-do-in-rome"
}
[INFO] 2025-08-28T10:41:58.623Z - Progress: 50/848 completed
[STEP] 2025-08-28T10:41:58.623Z - [51/848] Worker 6 processing item 686e9454a9bf94a4186449a0
[INFO] 2025-08-28T10:41:58.623Z - Processing item: 686e9454a9bf94a4186449a0
  → {
  "name": "Watch a local insider's one day itinerary in Rome",
  "slug": "watch-a-local-insiders-one-day-itinerary-in-rome"
}
[INFO] 2025-08-28T10:41:58.623Z - Skipping item 686e9454a9bf94a4186449a0 - no image field found
[STEP] 2025-08-28T10:41:58.623Z - [52/848] Worker 6 processing item 686e94542f97f06c5827d531
[INFO] 2025-08-28T10:41:58.623Z - Skipping item 686e94542f97f06c5827d531 - no image field found
[INFO] 2025-08-28T10:41:58.623Z - Processing item: 686e94542f97f06c5827d531
  → {
  "name": "Watch the most romantic things to do in Paris",
  "slug": "watch-the-most-romantic-things-to-do-in-paris"
}
[STEP] 2025-08-28T10:41:58.623Z - [53/848] Worker 6 processing item 686e945325aeff4947f9e270
[INFO] 2025-08-28T10:41:58.623Z - Processing item: 686e945325aeff4947f9e270
  → {
  "name": "8 best things to do alone in Marrakesh: A video guide",
  "slug": "8-best-things-to-do-alone-in-marrakesh-a-video-guide"
}
[INFO] 2025-08-28T10:41:58.623Z - Skipping item 686e945325aeff4947f9e270 - no image field found
[STEP] 2025-08-28T10:41:58.623Z - [54/848] Worker 6 processing item 686e9453675d99ca733959ca
[INFO] 2025-08-28T10:41:58.623Z - Skipping item 686e9453675d99ca733959ca - no image field found
[STEP] 2025-08-28T10:41:58.623Z - [55/848] Worker 6 processing item 686e9453ee9b5ac37796c405
[INFO] 2025-08-28T10:41:58.623Z - Processing item: 686e9453ee9b5ac37796c405
  → {
  "name": "What to eat in London: A video guide",
  "slug": "what-to-eat-in-london-a-video-guide"
}
[INFO] 2025-08-28T10:41:58.623Z - Skipping item 686e9453ee9b5ac37796c405 - no image field found
[STEP] 2025-08-28T10:41:58.623Z - [56/848] Worker 6 processing item 686e9453b5c84dcb77af82fe
[INFO] 2025-08-28T10:41:58.623Z - Processing item: 686e9453b5c84dcb77af82fe
  → {
  "name": "Best things to see and do in London: A video guide",
  "slug": "best-things-to-see-and-do-in-london-a-video-guide"
}
[STEP] 2025-08-28T10:41:58.624Z - [57/848] Worker 6 processing item 686e945323172c694a342d63
[INFO] 2025-08-28T10:41:58.624Z - Processing item: 686e945323172c694a342d63
  → {
  "name": "Watch the ultimate one day itinerary for London, according to a local",
  "slug": "watch-the-ultimate-one-day-itinerary-for-london-according-to-a-local"
}
[INFO] 2025-08-28T10:41:58.624Z - Skipping item 686e945323172c694a342d63 - no image field found
[INFO] 2025-08-28T10:41:58.623Z - Processing item: 686e9453675d99ca733959ca
  → {
  "name": "One day itinerary in Paris: what to see and where to eat",
  "slug": "one-day-itinerary-in-paris-what-to-see-and-where-to-eat"
}
[STEP] 2025-08-28T10:41:58.624Z - [58/848] Worker 6 processing item 686e9453fb3e80fbb3a3f098
[INFO] 2025-08-28T10:41:58.624Z - Processing item: 686e9453fb3e80fbb3a3f098
  → {
  "name": "10 top things to do in Edinburgh, according to an expert",
  "slug": "10-top-things-to-do-in-edinburgh-according-to-an-expert"
}
[INFO] 2025-08-28T10:41:58.624Z - Skipping item 686e9453b5c84dcb77af82fe - no image field found
[INFO] 2025-08-28T10:41:58.624Z - Skipping item 686e9453fb3e80fbb3a3f098 - no image field found
[STEP] 2025-08-28T10:41:58.624Z - [59/848] Worker 6 processing item 686e9452ccbe28731da30458
[INFO] 2025-08-28T10:41:58.624Z - Processing item: 686e9452ccbe28731da30458
  → {
  "name": "Explore Dubai: Watch the best things to do and see alone",
  "slug": "explore-dubai-watch-the-best-things-to-do-and-see-alone"
}
[INFO] 2025-08-28T10:41:58.624Z - Skipping item 686e9452ccbe28731da30458 - no image field found
[STEP] 2025-08-28T10:41:58.624Z - [60/848] Worker 6 processing item 686e945214c642a218f46b09
[INFO] 2025-08-28T10:41:58.624Z - Processing item: 686e945214c642a218f46b09
  → {
  "name": "Watch the top things to do in Dubai, according to a local insider",
  "slug": "watch-the-top-things-to-do-in-dubai-according-to-a-local-insider"
}
[INFO] 2025-08-28T10:41:58.624Z - Skipping item 686e945214c642a218f46b09 - no image field found
[INFO] 2025-08-28T10:41:58.624Z - Progress: 60/848 completed
[STEP] 2025-08-28T10:41:58.624Z - [61/848] Worker 6 processing item 686e94527b253c12f347537d
[INFO] 2025-08-28T10:41:58.624Z - Skipping item 686e94527b253c12f347537d - no image field found
[INFO] 2025-08-28T10:41:58.624Z - Processing item: 686e94527b253c12f347537d
  → {
  "name": "Explore Budapest: things to do and see",
  "slug": "explore-budapest-things-to-do-and-see"
}
[STEP] 2025-08-28T10:41:58.624Z - [62/848] Worker 6 processing item 686e94522f97f06c5827d424
[INFO] 2025-08-28T10:41:58.624Z - Processing item: 686e94522f97f06c5827d424
  → {
  "name": "How to make the most of one day in Budapest",
  "slug": "how-to-make-the-most-of-one-day-in-budapest"
}
[INFO] 2025-08-28T10:41:58.625Z - Skipping item 686e94522f97f06c5827d424 - no image field found
[STEP] 2025-08-28T10:41:58.625Z - [63/848] Worker 6 processing item 686e9452de3955c8aa392545
[INFO] 2025-08-28T10:41:58.625Z - Processing item: 686e9452de3955c8aa392545
  → {
  "name": "Amsterdam with a local: Watch the best things to do and see",
  "slug": "amsterdam-with-a-local-watch-the-best-things-to-do-and-see"
}
[INFO] 2025-08-28T10:41:58.625Z - Skipping item 686e9452de3955c8aa392545 - no image field found
[STEP] 2025-08-28T10:41:58.625Z - [64/848] Worker 6 processing item 686e945254bc6ca57b4d6433
[INFO] 2025-08-28T10:41:58.625Z - Processing item: 686e945254bc6ca57b4d6433
  → {
  "name": "One day in Barcelona: a local video guide",
  "slug": "one-day-in-barcelona-a-local-video-guide"
}
[INFO] 2025-08-28T10:41:58.625Z - Skipping item 686e945254bc6ca57b4d6433 - no image field found
[STEP] 2025-08-28T10:41:58.625Z - [65/848] Worker 6 processing item 686e9452f3523dc25bd93f5f
[INFO] 2025-08-28T10:41:58.625Z - Processing item: 686e9452f3523dc25bd93f5f
  → {
  "name": "The best things to do in Barcelona (according from a local)",
  "slug": "the-best-things-to-do-in-barcelona-according-from-a-local"
}
[INFO] 2025-08-28T10:41:58.625Z - Skipping item 686e9452f3523dc25bd93f5f - no image field found
[STEP] 2025-08-28T10:41:58.625Z - [66/848] Worker 6 processing item 686e9451c03acfa47ce85b9e
[INFO] 2025-08-28T10:41:58.625Z - Processing item: 686e9451c03acfa47ce85b9e
  → {
  "name": "Watch an insider's guide to the best food in Barcelona",
  "slug": "watch-an-insiders-guide-to-the-best-food-in-barcelona"
}
[INFO] 2025-08-28T10:41:58.626Z - Skipping item 686e9451c03acfa47ce85b9e - no image field found
[STEP] 2025-08-28T10:41:58.626Z - [67/848] Worker 6 processing item 686e94517b253c12f34752b1
[INFO] 2025-08-28T10:41:58.626Z - Processing item: 686e94517b253c12f34752b1
  → {
  "name": "How to spend one day in Amsterdam, according to an insider",
  "slug": "how-to-spend-one-day-in-amsterdam-according-to-an-insider"
}
[INFO] 2025-08-28T10:41:58.626Z - Skipping item 686e94517b253c12f34752b1 - no image field found
[STEP] 2025-08-28T10:41:58.626Z - [68/848] Worker 6 processing item 68665e12ca902947fe3d5ff2
[INFO] 2025-08-28T10:41:58.626Z - Processing item: 68665e12ca902947fe3d5ff2
  → {
  "name": "Paris: Dark City Secrets Walking Tour",
  "slug": "paris-dark-city-secrets-walking-tour"
}
[INFO] 2025-08-28T10:41:58.626Z - Skipping item 68665e12ca902947fe3d5ff2 - no image field found
[STEP] 2025-08-28T10:41:58.626Z - [69/848] Worker 6 processing item 68665dfe7ec5e2e27c6c6378
[INFO] 2025-08-28T10:41:58.626Z - Processing item: 68665dfe7ec5e2e27c6c6378
  → {
  "name": "Rome: Tivoli Day Trip with Villa d'Este and Villa Adriana",
  "slug": "rome-tivoli-day-trip-with-villa-deste-and-villa-adriana"
}
[STEP] 2025-08-28T10:41:58.626Z - [70/848] Worker 6 processing item 68665dfe47b3d876bf3ba1b8
[INFO] 2025-08-28T10:41:58.626Z - Skipping item 68665dfe7ec5e2e27c6c6378 - no image field found
[INFO] 2025-08-28T10:41:58.626Z - Skipping item 68665dfe47b3d876bf3ba1b8 - no image field found
[INFO] 2025-08-28T10:41:58.626Z - Processing item: 68665dfe47b3d876bf3ba1b8
  → {
  "name": "Rome: Street Food Tour with Local Guide",
  "slug": "rome-street-food-tour-with-local-guide"
}
[STEP] 2025-08-28T10:41:58.626Z - [71/848] Worker 6 processing item 68665dfe3e7c062601388424
[INFO] 2025-08-28T10:41:58.626Z - Processing item: 68665dfe3e7c062601388424
  → {
  "name": "From Rome: Pompeii, Amalfi Coast and Positano Day Trip",
  "slug": "from-rome-pompeii-amalfi-coast-and-positano-day-trip"
}
[INFO] 2025-08-28T10:41:58.626Z - Skipping item 68665dfe3e7c062601388424 - no image field found
[STEP] 2025-08-28T10:41:58.626Z - [72/848] Worker 6 processing item 68665dfe0e1cc73d1dc634c2
[INFO] 2025-08-28T10:41:58.626Z - Processing item: 68665dfe0e1cc73d1dc634c2
  → {
  "name": "Rome: Vatican Museums, Sistine Chapel, and Basilica Tour",
  "slug": "rome-vatican-museums-sistine-chapel-and-basilica-tour"
}
[INFO] 2025-08-28T10:41:58.626Z - Skipping item 68665dfe0e1cc73d1dc634c2 - no image field found
[STEP] 2025-08-28T10:41:58.626Z - [73/848] Worker 6 processing item 68665dfd5106529ba420b7d5
[INFO] 2025-08-28T10:41:58.626Z - Processing item: 68665dfd5106529ba420b7d5
  → {
  "name": "Rome: Trevi Fountain and Underground Guided Tour",
  "slug": "rome-trevi-fountain-and-underground-guided-tour"
}
[INFO] 2025-08-28T10:41:58.626Z - Skipping item 68665dfd5106529ba420b7d5 - no image field found
[STEP] 2025-08-28T10:41:58.626Z - [74/848] Worker 6 processing item 68665dfd7a4ff4606a96aae2
[INFO] 2025-08-28T10:41:58.626Z - Progress: 70/848 completed
[INFO] 2025-08-28T10:41:58.626Z - Processing item: 68665dfd7a4ff4606a96aae2
  → {
  "name": "Rome: Vatican, Trionfale Market Wine & Food Tasting Tour",
  "slug": "rome-vatican-trionfale-market-wine-food-tasting-tour"
}
[STEP] 2025-08-28T10:41:58.626Z - [75/848] Worker 6 processing item 68665dfd83734269f344ec31
[INFO] 2025-08-28T10:41:58.626Z - Processing item: 68665dfd83734269f344ec31
  → {
  "name": "St. Peter’s Basilica with Dome Climb and Crypt",
  "slug": "st-peters-basilica-with-dome-climb-and-crypt"
}
[INFO] 2025-08-28T10:41:58.626Z - Skipping item 68665dfd7a4ff4606a96aae2 - no image field found
[STEP] 2025-08-28T10:41:58.626Z - [76/848] Worker 6 processing item 68665dfdc3d37e98207d418a
[INFO] 2025-08-28T10:41:58.626Z - Skipping item 68665dfd83734269f344ec31 - no image field found
[INFO] 2025-08-28T10:41:58.626Z - Processing item: 68665dfdc3d37e98207d418a
  → {
  "name": "Ostia Antica: Half-Day Tour from Rome by Train",
  "slug": "ostia-antica-half-day-tour-from-rome-by-train"
}
[INFO] 2025-08-28T10:41:58.626Z - Skipping item 68665dfdc3d37e98207d418a - no image field found
[STEP] 2025-08-28T10:41:58.626Z - [77/848] Worker 6 processing item 68665dfdc4158be64272602d
[INFO] 2025-08-28T10:41:58.626Z - Processing item: 68665dfdc4158be64272602d
  → {
  "name": "Rome: San Clemente Underground and Basilica",
  "slug": "rome-san-clemente-underground-and-basilica"
}
[INFO] 2025-08-28T10:41:58.626Z - Skipping item 68665dfdc4158be64272602d - no image field found
[STEP] 2025-08-28T10:41:58.626Z - [78/848] Worker 6 processing item 68665dfd4f55d5fedba0a6c9
[INFO] 2025-08-28T10:41:58.626Z - Processing item: 68665dfd4f55d5fedba0a6c9
  → {
  "name": "Rome: Villa Borghese & Ada Bike Tour with Optional Catacombs",
  "slug": "rome-villa-borghese-ada-bike-tour-with-optional-catacombs"
}
[INFO] 2025-08-28T10:41:58.626Z - Skipping item 68665dfd4f55d5fedba0a6c9 - no image field found
[STEP] 2025-08-28T10:41:58.626Z - [79/848] Worker 6 processing item 68665dfdd2809db4d60fc763
[INFO] 2025-08-28T10:41:58.626Z - Processing item: 68665dfdd2809db4d60fc763
  → {
  "name": "Rome: Highlights Vespa Sidecar Tour with Coffee and Gelato",
  "slug": "rome-highlights-vespa-sidecar-tour-with-coffee-and-gelato"
}
[INFO] 2025-08-28T10:41:58.627Z - Skipping item 68665dfdd2809db4d60fc763 - no image field found
[STEP] 2025-08-28T10:41:58.627Z - [80/848] Worker 6 processing item 68665dfd3fa1a52f89271c1c
[INFO] 2025-08-28T10:41:58.627Z - Processing item: 68665dfd3fa1a52f89271c1c
  → {
  "name": "Rome: City Highlights Moonlight Walking Tour",
  "slug": "rome-city-highlights-moonlight-walking-tour"
}
[INFO] 2025-08-28T10:41:58.627Z - Skipping item 68665dfd3fa1a52f89271c1c - no image field found
[INFO] 2025-08-28T10:41:58.627Z - Progress: 80/848 completed
[INFO] 2025-08-28T10:41:58.627Z - Skipping item 68665dfc16c93a3fb13487c6 - no image field found
[STEP] 2025-08-28T10:41:58.627Z - [81/848] Worker 6 processing item 68665dfc16c93a3fb13487c6
[INFO] 2025-08-28T10:41:58.627Z - Processing item: 68665dfc16c93a3fb13487c6
  → {
  "name": "Rome: Urban Rafting Tour to Tiber Island with A Local Pizza",
  "slug": "rome-urban-rafting-tour-to-tiber-island-with-a-local-pizza"
}
[STEP] 2025-08-28T10:41:58.627Z - [82/848] Worker 6 processing item 68665dfc36c5a127f14255d9
[INFO] 2025-08-28T10:41:58.627Z - Processing item: 68665dfc36c5a127f14255d9
  → {
  "name": "Rome: Sunrise E-Bike Experience with Coffee Tasting",
  "slug": "rome-sunrise-e-bike-experience-with-coffee-tasting"
}
[INFO] 2025-08-28T10:41:58.627Z - Skipping item 68665dfc36c5a127f14255d9 - no image field found
[STEP] 2025-08-28T10:41:58.627Z - [83/848] Worker 6 processing item 68665dfcd9e1ff67640c9a11
[STEP] 2025-08-28T10:41:58.627Z - [84/848] Worker 6 processing item 68665dfcd2809db4d60fc70e
[INFO] 2025-08-28T10:41:58.627Z - Skipping item 68665dfcd9e1ff67640c9a11 - no image field found
[INFO] 2025-08-28T10:41:58.627Z - Processing item: 68665dfcd2809db4d60fc70e
  → {
  "name": "From Rome: Castel Gandolfo Kayak and Swimming Lake Tour",
  "slug": "from-rome-castel-gandolfo-kayak-and-swimming-lake-tour"
}
[INFO] 2025-08-28T10:41:58.627Z - Processing item: 68665dfcd9e1ff67640c9a11
  → {
  "name": "Rome: Secrets Beneath Castel Sant'Angelo Guided Tour",
  "slug": "rome-secrets-beneath-castel-santangelo-guided-tour"
}
[INFO] 2025-08-28T10:41:58.627Z - Skipping item 68665dfcd2809db4d60fc70e - no image field found
[INFO] 2025-08-28T10:41:58.627Z - Processing item: 68665dfc7a4ff4606a96a949
  → {
  "name": "Paris: Winter Cheese Tour (Special Raclette)",
  "slug": "paris-winter-cheese-tour-special-raclette"
}
[STEP] 2025-08-28T10:41:58.627Z - [85/848] Worker 6 processing item 68665dfc7a4ff4606a96a949
[INFO] 2025-08-28T10:41:58.627Z - Skipping item 68665dfc7a4ff4606a96a949 - no image field found
[STEP] 2025-08-28T10:41:58.627Z - [86/848] Worker 6 processing item 68665dfc0b8fabf98a2a8417
[INFO] 2025-08-28T10:41:58.627Z - Processing item: 68665dfc0b8fabf98a2a8417
  → {
  "name": "Rome: Priority Access Colosseum, Roman Forum & Palatine Tour",
  "slug": "rome-priority-access-colosseum-roman-forum-palatine-tour"
}
[INFO] 2025-08-28T10:41:58.627Z - Skipping item 68665dfc0b8fabf98a2a8417 - no image field found
[INFO] 2025-08-28T10:41:58.627Z - Processing item: 68665dfc53a828ddd1e0162c
  → {
  "name": "Rome: Crypts and Catacombs Underground Tour with Transfers",
  "slug": "rome-crypts-and-catacombs-underground-tour-with-transfers"
}
[STEP] 2025-08-28T10:41:58.627Z - [87/848] Worker 6 processing item 68665dfc53a828ddd1e0162c
[INFO] 2025-08-28T10:41:58.627Z - Skipping item 68665dfc53a828ddd1e0162c - no image field found
[INFO] 2025-08-28T10:41:58.627Z - Processing item: 68665dfc3a1e78501463c80d
  → {
  "name": "Paris: Roland-Garros Stadium Guided Backstage Tour",
  "slug": "paris-roland-garros-stadium-guided-backstage-tour"
}
[STEP] 2025-08-28T10:41:58.627Z - [88/848] Worker 6 processing item 68665dfc3a1e78501463c80d
[STEP] 2025-08-28T10:41:58.627Z - [89/848] Worker 6 processing item 68665dfc19ae4e1b5b331c20
[INFO] 2025-08-28T10:41:58.627Z - Skipping item 68665dfc3a1e78501463c80d - no image field found
[INFO] 2025-08-28T10:41:58.627Z - Skipping item 68665dfc19ae4e1b5b331c20 - no image field found
[STEP] 2025-08-28T10:41:58.627Z - [90/848] Worker 6 processing item 68665dfb47b3d876bf3ba01f
[INFO] 2025-08-28T10:41:58.627Z - Processing item: 68665dfb47b3d876bf3ba01f
  → {
  "name": "Paris: 3-Hour Chocolate & Patisserie Walking Tour",
  "slug": "paris-3-hour-chocolate-patisserie-walking-tour"
}
[INFO] 2025-08-28T10:41:58.627Z - Skipping item 68665dfb47b3d876bf3ba01f - no image field found
[INFO] 2025-08-28T10:41:58.627Z - Processing item: 68665dfc19ae4e1b5b331c20
  → {
  "name": "Paris: Hidden Gems of Montmartre with Local Guide",
  "slug": "paris-hidden-gems-of-montmartre-with-local-guide"
}
[INFO] 2025-08-28T10:41:58.628Z - Progress: 90/848 completed
[STEP] 2025-08-28T10:41:58.628Z - [91/848] Worker 6 processing item 68665dfb3306f58268c5b08c
[INFO] 2025-08-28T10:41:58.628Z - Processing item: 68665dfb3306f58268c5b08c
  → {
  "name": "Paris: Walking Food Tour in Saint Germain des Prés",
  "slug": "paris-walking-food-tour-in-saint-germain-des-pres"
}
[INFO] 2025-08-28T10:41:58.628Z - Skipping item 68665dfb3306f58268c5b08c - no image field found
[STEP] 2025-08-28T10:41:58.628Z - [92/848] Worker 6 processing item 68665dfb34609290b04bdd89
[INFO] 2025-08-28T10:41:58.628Z - Processing item: 68665dfb34609290b04bdd89
  → {
  "name": "Paris: Marais District Jewish History Guided Walking Tour",
  "slug": "paris-marais-district-jewish-history-guided-walking-tour"
}
[INFO] 2025-08-28T10:41:58.628Z - Skipping item 68665dfb34609290b04bdd89 - no image field found
[STEP] 2025-08-28T10:41:58.628Z - [93/848] Worker 6 processing item 68665dfb5445241bd394555e
[INFO] 2025-08-28T10:41:58.628Z - Processing item: 68665dfb5445241bd394555e
  → {
  "name": "From Paris: Day Trip to Champagne with 8 Tastings & Lunch",
  "slug": "from-paris-day-trip-to-champagne-with-8-tastings-lunch"
}
[INFO] 2025-08-28T10:41:58.628Z - Skipping item 68665dfb5445241bd394555e - no image field found
[STEP] 2025-08-28T10:41:58.628Z - [94/848] Worker 6 processing item 68665dfb16c93a3fb13486f9
[INFO] 2025-08-28T10:41:58.628Z - Processing item: 68665dfb16c93a3fb13486f9
  → {
  "name": "Paris: Ile de la Cite Walking Tour with Notre Dame",
  "slug": "paris-ile-de-la-cite-walking-tour-with-notre-dame"
}
[INFO] 2025-08-28T10:41:58.628Z - Skipping item 68665dfb16c93a3fb13486f9 - no image field found
[INFO] 2025-08-28T10:41:58.628Z - Processing item: 68665dfb67527db9f22f14e1
  → {
  "name": "Paris: Orangerie Museum Guided Tour with Monet's Water Lilies",
  "slug": "paris-orangerie-museum-guided-tour-with-monets-water-lilies"
}
[INFO] 2025-08-28T10:41:58.628Z - Skipping item 68665dfb67527db9f22f14e1 - no image field found
[STEP] 2025-08-28T10:41:58.628Z - [96/848] Worker 6 processing item 68665dfbfb6510ddaa92cd4a
[INFO] 2025-08-28T10:41:58.628Z - Processing item: 68665dfbfb6510ddaa92cd4a
  → {
  "name": "Paris: Sunrise Run & Sightseeing Small Group Tour",
  "slug": "paris-sunrise-run-sightseeing-small-group-tour"
}
[STEP] 2025-08-28T10:41:58.628Z - [95/848] Worker 6 processing item 68665dfb67527db9f22f14e1
[INFO] 2025-08-28T10:41:58.629Z - Skipping item 68665dfbfb6510ddaa92cd4a - no image field found
[STEP] 2025-08-28T10:41:58.629Z - [97/848] Worker 6 processing item 68665dfbb52ed62fa6daca88
[INFO] 2025-08-28T10:41:58.629Z - Processing item: 68665dfbb52ed62fa6daca88
  → {
  "name": "Paris: Curated Wine Tasting Experience",
  "slug": "paris-curated-wine-tasting-experience"
}
[INFO] 2025-08-28T10:41:58.629Z - Skipping item 68665dfbb52ed62fa6daca88 - no image field found
[INFO] 2025-08-28T10:41:58.629Z - Processing item: 68665dfa29a7d94e0ecd629d
  → {
  "name": "Paris: Pere Lachaise Cemetery Guided Tour",
  "slug": "paris-pere-lachaise-cemetery-guided-tour"
}
[INFO] 2025-08-28T10:41:58.629Z - Skipping item 68665dfa29a7d94e0ecd629d - no image field found
[STEP] 2025-08-28T10:41:58.629Z - [99/848] Worker 6 processing item 68665dfa5ee217c9bc8a8584
[STEP] 2025-08-28T10:41:58.629Z - [98/848] Worker 6 processing item 68665dfa29a7d94e0ecd629d
[INFO] 2025-08-28T10:41:58.629Z - Processing item: 68665dfa5ee217c9bc8a8584
  → {
  "name": "Versailles: Palace of Versailles and Marie Antoinette Tour",
  "slug": "versailles-palace-of-versailles-and-marie-antoinette-tour"
}
[INFO] 2025-08-28T10:41:58.629Z - Skipping item 68665dfa5ee217c9bc8a8584 - no image field found
[INFO] 2025-08-28T10:41:58.629Z - Skipping item 68665dfa7a3c970637196f47 - no image field found
[INFO] 2025-08-28T10:41:58.629Z - Processing item: 68665dfa7a3c970637196f47
  → {
  "name": "Paris: Private Guided City Tour in a Traction Avant or DS 21",
  "slug": "paris-private-guided-city-tour-in-a-traction-avant-or-ds-21"
}
[INFO] 2025-08-28T10:41:58.629Z - Progress: 100/848 completed
[STEP] 2025-08-28T10:41:58.629Z - [100/848] Worker 6 processing item 68665dfa7a3c970637196f47
[STEP] 2025-08-28T10:41:58.629Z - [101/848] Worker 6 processing item 68665dfa86308a104a75e15c
[INFO] 2025-08-28T10:41:58.629Z - Skipping item 68665dfa86308a104a75e15c - no image field found
[STEP] 2025-08-28T10:41:58.629Z - [102/848] Worker 6 processing item 68665dfaa29e1d01cf3a2d08
[INFO] 2025-08-28T10:41:58.629Z - Processing item: 68665dfaa29e1d01cf3a2d08
  → {
  "name": "Paris: Unofficial Emily in Paris Show Locations Walking Tour",
  "slug": "paris-unofficial-emily-in-paris-show-locations-walking-tour"
}
[INFO] 2025-08-28T10:41:58.629Z - Skipping item 68665dfaa29e1d01cf3a2d08 - no image field found
[STEP] 2025-08-28T10:41:58.629Z - [103/848] Worker 6 processing item 68665dfa3fa1a52f892719fe
[INFO] 2025-08-28T10:41:58.629Z - Skipping item 68665dfa3fa1a52f892719fe - no image field found
[INFO] 2025-08-28T10:41:58.629Z - Processing item: 68665dfa3fa1a52f892719fe
  → {
  "name": "From Paris: Versailles Skip-the-Line Tour & Gardens Access",
  "slug": "from-paris-versailles-skip-the-line-tour-gardens-access"
}
[INFO] 2025-08-28T10:41:58.629Z - Processing item: 68665dfa5ee217c9bc8a8511
  → {
  "name": "Paris: Gourmet Food Tour with 10+ Tastings and Wine",
  "slug": "paris-gourmet-food-tour-with-10-tastings-and-wine"
}
[STEP] 2025-08-28T10:41:58.629Z - [104/848] Worker 6 processing item 68665dfa5ee217c9bc8a8511
[INFO] 2025-08-28T10:41:58.629Z - Skipping item 68665dfa5ee217c9bc8a8511 - no image field found
[INFO] 2025-08-28T10:41:58.629Z - Processing item: 68665dfa0088bdc97bb015f2
  → {
  "name": "Paris : Let's get thick - Canal Saint Martin",
  "slug": "paris-lets-get-thick---canal-saint-martin"
}
[INFO] 2025-08-28T10:41:58.629Z - Processing item: 68665dfa86308a104a75e15c
  → {
  "name": "From Paris: Skip-the-Line Palace of Versailles Bike Tour",
  "slug": "from-paris-skip-the-line-palace-of-versailles-bike-tour"
}
[STEP] 2025-08-28T10:41:58.629Z - [105/848] Worker 6 processing item 68665dfa0088bdc97bb015f2
[STEP] 2025-08-28T10:41:58.629Z - [106/848] Worker 6 processing item 68665dfa566fbba9ad97e2f3
[INFO] 2025-08-28T10:41:58.629Z - Processing item: 68665dfa566fbba9ad97e2f3
  → {
  "name": "Paris: 1-Hour Seine Cruise starting at the Eiffel Tower",
  "slug": "paris-1-hour-seine-cruise-starting-at-the-eiffel-tower"
}
[INFO] 2025-08-28T10:41:58.629Z - Skipping item 68665dfa566fbba9ad97e2f3 - no image field found
[STEP] 2025-08-28T10:41:58.629Z - [107/848] Worker 6 processing item 68665dfaf5376ea62e2c3912
[INFO] 2025-08-28T10:41:58.629Z - Processing item: 68665dfaf5376ea62e2c3912
  → {
  "name": "Paris: Bake the Perfect French Croissant with a Chef",
  "slug": "paris-bake-the-perfect-french-croissant-with-a-chef"
}
[INFO] 2025-08-28T10:41:58.629Z - Skipping item 68665dfaf5376ea62e2c3912 - no image field found
[STEP] 2025-08-28T10:41:58.629Z - [108/848] Worker 6 processing item 68665dfa5ee80adb394f4e8a
[INFO] 2025-08-28T10:41:58.629Z - Processing item: 68665dfa5ee80adb394f4e8a
  → {
  "name": "Burgundy: Winery Tour",
  "slug": "burgundy-winery-tour"
}
[INFO] 2025-08-28T10:41:58.629Z - Skipping item 68665dfa5ee80adb394f4e8a - no image field found
[INFO] 2025-08-28T10:41:58.629Z - Skipping item 68665dfa0088bdc97bb015f2 - no image field found
[STEP] 2025-08-28T10:41:58.629Z - [109/848] Worker 6 processing item 68665dfa3e7c062601388164
[INFO] 2025-08-28T10:41:58.629Z - Processing item: 68665dfa3e7c062601388164
  → {
  "name": "London: Tate Modern Tour with Art Expert",
  "slug": "london-tate-modern-tour-with-art-expert"
}
[INFO] 2025-08-28T10:41:58.629Z - Processing item: 68665df9c2ad48342e436c13
  → {
  "name": "Marrakech: Street Food Tour by Night",
  "slug": "marrakech-street-food-tour-by-night"
}
[STEP] 2025-08-28T10:41:58.629Z - [110/848] Worker 6 processing item 68665df9c2ad48342e436c13
[INFO] 2025-08-28T10:41:58.629Z - Progress: 110/848 completed
[STEP] 2025-08-28T10:41:58.629Z - [111/848] Worker 6 processing item 68665df9475dc77ac15535c5
[INFO] 2025-08-28T10:41:58.629Z - Skipping item 68665df9c2ad48342e436c13 - no image field found
[INFO] 2025-08-28T10:41:58.629Z - Processing item: 68665df9475dc77ac15535c5
  → {
  "name": "From Marrakech: High Atlas Mountains and 5 Valleys Day Trip",
  "slug": "from-marrakech-high-atlas-mountains-and-5-valleys-day-trip"
}
[INFO] 2025-08-28T10:41:58.629Z - Skipping item 68665df9475dc77ac15535c5 - no image field found
[STEP] 2025-08-28T10:41:58.629Z - [112/848] Worker 6 processing item 68665df967527db9f22f139c
[INFO] 2025-08-28T10:41:58.629Z - Processing item: 68665df967527db9f22f139c
  → {
  "name": "Marrakech: Classic Shared Balloon Flight",
  "slug": "marrakech-classic-shared-balloon-flight"
}
[INFO] 2025-08-28T10:41:58.629Z - Skipping item 68665df967527db9f22f139c - no image field found
[STEP] 2025-08-28T10:41:58.629Z - [113/848] Worker 6 processing item 68665df9c08afc61dee3fbd7
[INFO] 2025-08-28T10:41:58.629Z - Skipping item 68665df9c08afc61dee3fbd7 - no image field found
[INFO] 2025-08-28T10:41:58.629Z - Processing item: 68665df9c08afc61dee3fbd7
  → {
  "name": "London: East End Food Tour",
  "slug": "london-east-end-food-tour"
}
[STEP] 2025-08-28T10:41:58.629Z - [114/848] Worker 6 processing item 68665df925c8deee60cc7508
[INFO] 2025-08-28T10:41:58.629Z - Skipping item 68665dfa3e7c062601388164 - no image field found
[INFO] 2025-08-28T10:41:58.629Z - Processing item: 68665df925c8deee60cc7508
  → {
  "name": "Marrakech: 3-Hour Colorful Souks Tour",
  "slug": "marrakech-3-hour-colorful-souks-tour"
}
[INFO] 2025-08-28T10:41:58.629Z - Skipping item 68665df925c8deee60cc7508 - no image field found
[STEP] 2025-08-28T10:41:58.629Z - [115/848] Worker 6 processing item 68665df97dd0210090364123
[INFO] 2025-08-28T10:41:58.629Z - Processing item: 68665df97dd0210090364123
  → {
  "name": "Marrakech: Tagine Cookery Class With a Local",
  "slug": "marrakech-tagine-cookery-class-with-a-local"
}
[INFO] 2025-08-28T10:41:58.629Z - Skipping item 68665df97dd0210090364123 - no image field found
[STEP] 2025-08-28T10:41:58.629Z - [116/848] Worker 6 processing item 68665df95ee80adb394f4e04
[INFO] 2025-08-28T10:41:58.629Z - Processing item: 68665df95ee80adb394f4e04
  → {
  "name": "Marrakech: Pottery Workshop with Moroccan Tea",
  "slug": "marrakech-pottery-workshop-with-moroccan-tea"
}
[INFO] 2025-08-28T10:41:58.630Z - Skipping item 68665df95ee80adb394f4e04 - no image field found
[STEP] 2025-08-28T10:41:58.630Z - [117/848] Worker 6 processing item 68665df904b9ed02a6f7a3eb
[INFO] 2025-08-28T10:41:58.630Z - Processing item: 68665df904b9ed02a6f7a3eb
  → {
  "name": "Marrakech: Authentic Moroccan Food Tour & Dinner",
  "slug": "marrakech-authentic-moroccan-food-tour-dinner"
}
[INFO] 2025-08-28T10:41:58.630Z - Skipping item 68665df904b9ed02a6f7a3eb - no image field found
[STEP] 2025-08-28T10:41:58.630Z - [118/848] Worker 6 processing item 68665df829a7d94e0ecd61e5
[INFO] 2025-08-28T10:41:58.630Z - Processing item: 68665df829a7d94e0ecd61e5
  → {
  "name": "From London: Stonehenge Inner Circle and Windsor Day Trip",
  "slug": "from-london-stonehenge-inner-circle-and-windsor-day-trip"
}
[INFO] 2025-08-28T10:41:58.630Z - Skipping item 68665df829a7d94e0ecd61e5 - no image field found
[STEP] 2025-08-28T10:41:58.630Z - [119/848] Worker 6 processing item 68665df83fa1a52f89271765
[INFO] 2025-08-28T10:41:58.630Z - Processing item: 68665df83fa1a52f89271765
  → {
  "name": "Tottenham Hotspur Stadium: The Dare Skywalk Experience",
  "slug": "tottenham-hotspur-stadium-the-dare-skywalk-experience"
}
[INFO] 2025-08-28T10:41:58.630Z - Skipping item 68665df83fa1a52f89271765 - no image field found
[STEP] 2025-08-28T10:41:58.630Z - [120/848] Worker 6 processing item 68665df86cb1fdaa1912cd70
[INFO] 2025-08-28T10:41:58.630Z - Processing item: 68665df86cb1fdaa1912cd70
  → {
  "name": "London: Soho Music and Historic Pubs Experience",
  "slug": "london-soho-music-and-historic-pubs-experience"
}
[INFO] 2025-08-28T10:41:58.630Z - Skipping item 68665df86cb1fdaa1912cd70 - no image field found
[INFO] 2025-08-28T10:41:58.630Z - Progress: 120/848 completed
[STEP] 2025-08-28T10:41:58.630Z - [121/848] Worker 6 processing item 68665df82eabbe644eb218f0
[INFO] 2025-08-28T10:41:58.630Z - Processing item: 68665df82eabbe644eb218f0
  → {
  "name": "The Royal Parks and Royal Palaces 3.5-Hour Morning Tour",
  "slug": "the-royal-parks-and-royal-palaces-3-5-hour-morning-tour"
}
[INFO] 2025-08-28T10:41:58.630Z - Skipping item 68665df82eabbe644eb218f0 - no image field found
[STEP] 2025-08-28T10:41:58.630Z - [122/848] Worker 6 processing item 68665df8e51822d96a0dcac1
[INFO] 2025-08-28T10:41:58.630Z - Processing item: 68665df8e51822d96a0dcac1
  → {
  "name": "London: Wembley Stadium Guided Tour",
  "slug": "london-wembley-stadium-guided-tour"
}
[INFO] 2025-08-28T10:41:58.630Z - Skipping item 68665df8e51822d96a0dcac1 - no image field found
[STEP] 2025-08-28T10:41:58.630Z - [123/848] Worker 6 processing item 68665df81c6bf3886a625cc0
[INFO] 2025-08-28T10:41:58.630Z - Processing item: 68665df81c6bf3886a625cc0
  → {
  "name": "London: National Gallery Tour with Art Expert",
  "slug": "london-national-gallery-tour-with-art-expert"
}
[INFO] 2025-08-28T10:41:58.630Z - Skipping item 68665df81c6bf3886a625cc0 - no image field found
[STEP] 2025-08-28T10:41:58.630Z - [124/848] Worker 6 processing item 68665df84ffc70e47413a504
[INFO] 2025-08-28T10:41:58.630Z - Processing item: 68665df84ffc70e47413a504
  → {
  "name": "London: Guided Sherlock Holmes Walking Tour",
  "slug": "london-guided-sherlock-holmes-walking-tour"
}
[INFO] 2025-08-28T10:41:58.630Z - Skipping item 68665df84ffc70e47413a504 - no image field found
[STEP] 2025-08-28T10:41:58.630Z - [125/848] Worker 6 processing item 68665df883734269f344e8a3
[INFO] 2025-08-28T10:41:58.630Z - Processing item: 68665df883734269f344e8a3
  → {
  "name": "Chelsea Football Club Stadium and Museum Tour",
  "slug": "chelsea-football-club-stadium-and-museum-tour"
}
[INFO] 2025-08-28T10:41:58.630Z - Skipping item 68665df883734269f344e8a3 - no image field found
[STEP] 2025-08-28T10:41:58.630Z - [126/848] Worker 6 processing item 68665df85c205e5c9c2df30c
[INFO] 2025-08-28T10:41:58.630Z - Processing item: 68665df85c205e5c9c2df30c
  → {
  "name": "From London: Seven Sisters and South Downs Full-Day Tour",
  "slug": "from-london-seven-sisters-and-south-downs-full-day-tour"
}
[INFO] 2025-08-28T10:41:58.630Z - Skipping item 68665df85c205e5c9c2df30c - no image field found
[STEP] 2025-08-28T10:41:58.630Z - [127/848] Worker 6 processing item 68665df7566fbba9ad97e1c3
[INFO] 2025-08-28T10:41:58.630Z - Processing item: 68665df7566fbba9ad97e1c3
  → {
  "name": "London: Historical Pub Walking Tour",
  "slug": "london-historical-pub-walking-tour"
}
[INFO] 2025-08-28T10:41:58.630Z - Skipping item 68665df7566fbba9ad97e1c3 - no image field found
[STEP] 2025-08-28T10:41:58.630Z - [128/848] Worker 6 processing item 68665df74ffc70e47413a4a6
[INFO] 2025-08-28T10:41:58.630Z - Processing item: 68665df74ffc70e47413a4a6
  → {
  "name": "London: Beatles Tour incl. Abbey Road with Richard Porter",
  "slug": "london-beatles-tour-incl-abbey-road-with-richard-porter"
}
[STEP] 2025-08-28T10:41:58.630Z - [129/848] Worker 6 processing item 68665df73a1e78501463bcf3
[INFO] 2025-08-28T10:41:58.630Z - Processing item: 68665df73a1e78501463bcf3
  → {
  "name": "London: Changing of The Guard Tour",
  "slug": "london-changing-of-the-guard-tour"
}
[INFO] 2025-08-28T10:41:58.630Z - Skipping item 68665df73a1e78501463bcf3 - no image field found
[INFO] 2025-08-28T10:41:58.630Z - Skipping item 68665df74ffc70e47413a4a6 - no image field found
[STEP] 2025-08-28T10:41:58.630Z - [130/848] Worker 6 processing item 68665df75ee80adb394f4d19
[INFO] 2025-08-28T10:41:58.630Z - Processing item: 68665df75ee80adb394f4d19
  → {
  "name": "London: Jack the Ripper Guided Walking Tour",
  "slug": "london-jack-the-ripper-guided-walking-tour-27149"
}
[INFO] 2025-08-28T10:41:58.630Z - Skipping item 68665df75ee80adb394f4d19 - no image field found
[INFO] 2025-08-28T10:41:58.630Z - Progress: 130/848 completed
[INFO] 2025-08-28T10:41:58.630Z - Processing item: 68665df7aae54dc9794804b8
  → {
  "name": "London: Chelsea Football Club Stadium and Museum Tour",
  "slug": "london-chelsea-football-club-stadium-and-museum-tour"
}
[STEP] 2025-08-28T10:41:58.630Z - [131/848] Worker 6 processing item 68665df7aae54dc9794804b8
[INFO] 2025-08-28T10:41:58.630Z - Skipping item 68665df7aae54dc9794804b8 - no image field found
[STEP] 2025-08-28T10:41:58.630Z - [132/848] Worker 6 processing item 68665df7e72938d961e6ec61
[INFO] 2025-08-28T10:41:58.630Z - Skipping item 68665df7e72938d961e6ec61 - no image field found
[STEP] 2025-08-28T10:41:58.630Z - [133/848] Worker 6 processing item 68665df7de7c05db6b5bd844
[INFO] 2025-08-28T10:41:58.630Z - Processing item: 68665df7de7c05db6b5bd844
  → {
  "name": "London: Jack the Ripper Guided Walking Tour",
  "slug": "london-jack-the-ripper-guided-walking-tour"
}
[INFO] 2025-08-28T10:41:58.630Z - Skipping item 68665df7de7c05db6b5bd844 - no image field found
[STEP] 2025-08-28T10:41:58.630Z - [134/848] Worker 6 processing item 68665df76c0fb87684086461
[INFO] 2025-08-28T10:41:58.630Z - Processing item: 68665df76c0fb87684086461
  → {
  "name": "From London: Oxford and Cotswolds Villages Day Trip",
  "slug": "from-london-oxford-and-cotswolds-villages-day-trip"
}
[INFO] 2025-08-28T10:41:58.630Z - Skipping item 68665df76c0fb87684086461 - no image field found
[INFO] 2025-08-28T10:41:58.630Z - Processing item: 68665df7e72938d961e6ec61
  → {
  "name": "East London: Street Art Tour & Spray Painting Session",
  "slug": "east-london-street-art-tour-spray-painting-session"
}
[STEP] 2025-08-28T10:41:58.630Z - [135/848] Worker 6 processing item 68665df7c4158be642725af4
[INFO] 2025-08-28T10:41:58.630Z - Processing item: 68665df7c4158be642725af4
  → {
  "name": "London: Full-Day Windsor, Stonehenge, and Oxford Tour",
  "slug": "london-full-day-windsor-stonehenge-and-oxford-tour"
}
[INFO] 2025-08-28T10:41:58.630Z - Skipping item 68665df7c4158be642725af4 - no image field found
[STEP] 2025-08-28T10:41:58.630Z - [136/848] Worker 6 processing item 68665df72b5d59c33b1de6ea
[INFO] 2025-08-28T10:41:58.630Z - Processing item: 68665df72b5d59c33b1de6ea
  → {
  "name": "London: Westminster to Greenwich River Thames Cruise",
  "slug": "london-westminster-to-greenwich-river-thames-cruise"
}
[INFO] 2025-08-28T10:41:58.630Z - Skipping item 68665df72b5d59c33b1de6ea - no image field found
[STEP] 2025-08-28T10:41:58.630Z - [137/848] Worker 6 processing item 68665df64654135be79ef52a
[INFO] 2025-08-28T10:41:58.630Z - Skipping item 68665df64654135be79ef52a - no image field found
[STEP] 2025-08-28T10:41:58.630Z - [138/848] Worker 6 processing item 68665df6915e51b771b3a81a
[INFO] 2025-08-28T10:41:58.630Z - Processing item: 68665df64654135be79ef52a
  → {
  "name": "From London: Full-Day Cotswolds Small-Group Tour",
  "slug": "from-london-full-day-cotswolds-small-group-tour"
}
[INFO] 2025-08-28T10:41:58.631Z - Processing item: 68665df6915e51b771b3a81a
  → {
  "name": "From London: Harry Potter Warner Bros Studio Tour",
  "slug": "from-london-harry-potter-warner-bros-studio-tour"
}
[INFO] 2025-08-28T10:41:58.631Z - Skipping item 68665df6915e51b771b3a81a - no image field found
[STEP] 2025-08-28T10:41:58.631Z - [139/848] Worker 6 processing item 68665df6aa2b78f129b3b0b2
[INFO] 2025-08-28T10:41:58.631Z - Processing item: 68665df6aa2b78f129b3b0b2
  → {
  "name": "London: Kensington Palace Gardens Tour with Royal High Tea",
  "slug": "london-kensington-palace-gardens-tour-with-royal-high-tea"
}
[INFO] 2025-08-28T10:41:58.631Z - Skipping item 68665df6aa2b78f129b3b0b2 - no image field found
[STEP] 2025-08-28T10:41:58.631Z - [140/848] Worker 6 processing item 68665df65dcda68633078ec8
[INFO] 2025-08-28T10:41:58.631Z - Processing item: 68665df65dcda68633078ec8
  → {
  "name": "London: Borough Market Foodie Walking Tour with Tastings",
  "slug": "london-borough-market-foodie-walking-tour-with-tastings"
}
[INFO] 2025-08-28T10:41:58.631Z - Skipping item 68665df65dcda68633078ec8 - no image field found
[INFO] 2025-08-28T10:41:58.631Z - Progress: 140/848 completed
[INFO] 2025-08-28T10:41:58.631Z - Skipping item 68665df685677a7394c586a6 - no image field found
[STEP] 2025-08-28T10:41:58.631Z - [142/848] Worker 6 processing item 68665df62eabbe644eb21780
[INFO] 2025-08-28T10:41:58.631Z - Processing item: 68665df685677a7394c586a6
  → {
  "name": "From Edinburgh: West Highlands, Lochs, and Castles Tour",
  "slug": "from-edinburgh-west-highlands-lochs-and-castles-tour"
}
[INFO] 2025-08-28T10:41:58.631Z - Skipping item 68665df62eabbe644eb21780 - no image field found
[INFO] 2025-08-28T10:41:58.631Z - Processing item: 68665df633371009c74c9dee
  → {
  "name": "Edinburgh: Glenfinnan, Fort William, and Glencoe Day Tour",
  "slug": "edinburgh-glenfinnan-fort-william-and-glencoe-day-tour"
}
[STEP] 2025-08-28T10:41:58.631Z - [143/848] Worker 6 processing item 68665df633371009c74c9dee
[INFO] 2025-08-28T10:41:58.631Z - Processing item: 68665df62eabbe644eb21780
  → {
  "name": "Edinburgh: Full-Day Highland Lochs, Glens and Whisky Tour",
  "slug": "edinburgh-full-day-highland-lochs-glens-and-whisky-tour"
}
[INFO] 2025-08-28T10:41:58.631Z - Skipping item 68665df633371009c74c9dee - no image field found
[STEP] 2025-08-28T10:41:58.631Z - [144/848] Worker 6 processing item 68665df634609290b04bd9d8
[INFO] 2025-08-28T10:41:58.631Z - Skipping item 68665df634609290b04bd9d8 - no image field found
[INFO] 2025-08-28T10:41:58.631Z - Processing item: 68665df634609290b04bd9d8
  → {
  "name": "Edinburgh: Underground Vaults Evening Ghost Tour with Whisky",
  "slug": "edinburgh-underground-vaults-evening-ghost-tour-with-whisky"
}
[STEP] 2025-08-28T10:41:58.631Z - [141/848] Worker 6 processing item 68665df685677a7394c586a6
[INFO] 2025-08-28T10:41:58.631Z - Processing item: 68665df6ba64fbb00e6f9efa
  → {
  "name": "Edinburgh: Old Town History and Tales Walking Tour",
  "slug": "edinburgh-old-town-history-and-tales-walking-tour"
}
[STEP] 2025-08-28T10:41:58.631Z - [145/848] Worker 6 processing item 68665df6ba64fbb00e6f9efa
[INFO] 2025-08-28T10:41:58.631Z - Skipping item 68665df6ba64fbb00e6f9efa - no image field found
[STEP] 2025-08-28T10:41:58.631Z - [146/848] Worker 6 processing item 68665df647b3d876bf3b9c57
[INFO] 2025-08-28T10:41:58.631Z - Processing item: 68665df647b3d876bf3b9c57
  → {
  "name": "Edinburgh Castle: Guided Walking Tour with Entry Ticket",
  "slug": "edinburgh-castle-guided-walking-tour-with-entry-ticket"
}
[INFO] 2025-08-28T10:41:58.631Z - Skipping item 68665df647b3d876bf3b9c57 - no image field found
[INFO] 2025-08-28T10:41:58.631Z - Processing item: 68665df634609290b04bd9b6
  → {
  "name": "Edinburgh: Harry Potter Magical Guided Walking Tour",
  "slug": "edinburgh-harry-potter-magical-guided-walking-tour"
}
[INFO] 2025-08-28T10:41:58.631Z - Skipping item 68665df634609290b04bd9b6 - no image field found
[STEP] 2025-08-28T10:41:58.631Z - [148/848] Worker 6 processing item 68665df66cb1fdaa1912c9bc
[STEP] 2025-08-28T10:41:58.631Z - [147/848] Worker 6 processing item 68665df634609290b04bd9b6
[INFO] 2025-08-28T10:41:58.631Z - Processing item: 68665df66cb1fdaa1912c9bc
  → {
  "name": "Edinburgh: Loch Ness, Glencoe & the Scottish Highlands Tour",
  "slug": "edinburgh-loch-ness-glencoe-the-scottish-highlands-tour"
}
[INFO] 2025-08-28T10:41:58.631Z - Skipping item 68665df66cb1fdaa1912c9bc - no image field found
[INFO] 2025-08-28T10:41:58.631Z - Processing item: 68665df5faaf702cdfbaf81b
  → {
  "name": "Edinburgh: Comedy Walking Tour with Professional Comedian",
  "slug": "edinburgh-comedy-walking-tour-with-professional-comedian"
}
[STEP] 2025-08-28T10:41:58.631Z - [150/848] Worker 6 processing item 68665df597fa82357a82baac
[INFO] 2025-08-28T10:41:58.631Z - Skipping item 68665df5faaf702cdfbaf81b - no image field found
[STEP] 2025-08-28T10:41:58.631Z - [149/848] Worker 6 processing item 68665df5faaf702cdfbaf81b
[INFO] 2025-08-28T10:41:58.631Z - Processing item: 68665df597fa82357a82baac
  → {
  "name": "Dubai: Desert Safari and Al Khayma Camp Overnight Experience",
  "slug": "dubai-desert-safari-and-al-khayma-camp-overnight-experience"
}
[INFO] 2025-08-28T10:41:58.631Z - Progress: 150/848 completed
[STEP] 2025-08-28T10:41:58.631Z - [151/848] Worker 6 processing item 68665df5c4158be642725916
[INFO] 2025-08-28T10:41:58.631Z - Skipping item 68665df597fa82357a82baac - no image field found
[INFO] 2025-08-28T10:41:58.631Z - Skipping item 68665df5c4158be642725916 - no image field found
[INFO] 2025-08-28T10:41:58.631Z - Processing item: 68665df5c4158be642725916
  → {
  "name": "Dubai: Sunrise Balloon Flight with Camel Ride & Breakfast",
  "slug": "dubai-sunrise-balloon-flight-with-camel-ride-breakfast"
}
[STEP] 2025-08-28T10:41:58.631Z - [152/848] Worker 6 processing item 68665df5aa493926f0ecef34
[INFO] 2025-08-28T10:41:58.631Z - Skipping item 68665df5aa493926f0ecef34 - no image field found
[INFO] 2025-08-28T10:41:58.631Z - Processing item: 68665df5aa493926f0ecef34
  → {
  "name": "Edinburgh: Old Town Walking Tour and Beer Tasting",
  "slug": "edinburgh-old-town-walking-tour-and-beer-tasting"
}
[STEP] 2025-08-28T10:41:58.631Z - [153/848] Worker 6 processing item 68665df5404cb02f188c2fd2
[INFO] 2025-08-28T10:41:58.631Z - Skipping item 68665df5404cb02f188c2fd2 - no image field found
[INFO] 2025-08-28T10:41:58.631Z - Processing item: 68665df58cc5ea3917c555b1
  → {
  "name": "Dubai: Old Dubai Souks, Abra Ride, and Street Food Tour",
  "slug": "dubai-old-dubai-souks-abra-ride-and-street-food-tour"
}
[STEP] 2025-08-28T10:41:58.631Z - [154/848] Worker 6 processing item 68665df58cc5ea3917c555b1
[INFO] 2025-08-28T10:41:58.631Z - Skipping item 68665df58cc5ea3917c555b1 - no image field found
[INFO] 2025-08-28T10:41:58.631Z - Processing item: 68665df5404cb02f188c2fd2
  → {
  "name": "From Dubai: Abu Dhabi Premium Full-Day Sightseeing Tour",
  "slug": "from-dubai-abu-dhabi-premium-full-day-sightseeing-tour"
}
[INFO] 2025-08-28T10:41:58.631Z - Processing item: 68665df5b5e62610dcef3c0e
  → {
  "name": "Dubai Marina: Yacht Tour with Breakfast or BBQ",
  "slug": "dubai-marina-yacht-tour-with-breakfast-or-bbq"
}
[STEP] 2025-08-28T10:41:58.631Z - [156/848] Worker 6 processing item 68665df5e72938d961e6eb33
[INFO] 2025-08-28T10:41:58.631Z - Skipping item 68665df5b5e62610dcef3c0e - no image field found
[STEP] 2025-08-28T10:41:58.631Z - [155/848] Worker 6 processing item 68665df5b5e62610dcef3c0e
[INFO] 2025-08-28T10:41:58.631Z - Processing item: 68665df5e72938d961e6eb33
  → {
  "name": "Lanzarote: Wine Tasting Tour at El Grifo Bodega",
  "slug": "lanzarote-wine-tasting-tour-at-el-grifo-bodega"
}
[INFO] 2025-08-28T10:41:58.631Z - Processing item: 68665df5c3d37e98207d3ba8
  → {
  "name": "Dubai: Burj Khalifa Fountain Show and Burj Lake Ride",
  "slug": "dubai-burj-khalifa-fountain-show-and-burj-lake-ride"
}
[INFO] 2025-08-28T10:41:58.631Z - Skipping item 68665df5c3d37e98207d3ba8 - no image field found
[STEP] 2025-08-28T10:41:58.631Z - [158/848] Worker 6 processing item 68665df53306f58268c5a5c6
[INFO] 2025-08-28T10:41:58.631Z - Skipping item 68665df5e72938d961e6eb33 - no image field found
[STEP] 2025-08-28T10:41:58.631Z - [157/848] Worker 6 processing item 68665df5c3d37e98207d3ba8
[INFO] 2025-08-28T10:41:58.631Z - Processing item: 68665df53306f58268c5a5c6
  → {
  "name": "Dubai: Desert Safari, Quad Bike, Camel Ride & Al Khayma Camp",
  "slug": "dubai-desert-safari-quad-bike-camel-ride-al-khayma-camp"
}
[INFO] 2025-08-28T10:41:58.631Z - Skipping item 68665df53306f58268c5a5c6 - no image field found
[STEP] 2025-08-28T10:41:58.631Z - [159/848] Worker 6 processing item 68665df5915e51b771b3a6cc
[STEP] 2025-08-28T10:41:58.631Z - [160/848] Worker 6 processing item 68665df4b52ed62fa6dac40b
[INFO] 2025-08-28T10:41:58.631Z - Processing item: 68665df5915e51b771b3a6cc
  → {
  "name": "Dubai: Hot Air Balloon Tour with Camel Ride and Breakfast",
  "slug": "dubai-hot-air-balloon-tour-with-camel-ride-and-breakfast"
}
[INFO] 2025-08-28T10:41:58.631Z - Skipping item 68665df5915e51b771b3a6cc - no image field found
[INFO] 2025-08-28T10:41:58.631Z - Processing item: 68665df4b52ed62fa6dac40b
  → {
  "name": "Dubai: Zip Line across the Marina",
  "slug": "dubai-zip-line-across-the-marina"
}
[INFO] 2025-08-28T10:41:58.631Z - Skipping item 68665df4b52ed62fa6dac40b - no image field found
[STEP] 2025-08-28T10:41:58.631Z - [161/848] Worker 6 processing item 68665df4b52ed62fa6dac387
[INFO] 2025-08-28T10:41:58.631Z - Progress: 160/848 completed
[INFO] 2025-08-28T10:41:58.631Z - Processing item: 68665df4b52ed62fa6dac387
  → {
  "name": "Gran Canaria: The Volcano Heart Tour & Local Food Tasting",
  "slug": "gran-canaria-the-volcano-heart-tour-local-food-tasting"
}
[STEP] 2025-08-28T10:41:58.631Z - [162/848] Worker 6 processing item 68665df425c8deee60cc686a
[INFO] 2025-08-28T10:41:58.631Z - Skipping item 68665df425c8deee60cc686a - no image field found
[STEP] 2025-08-28T10:41:58.631Z - [163/848] Worker 6 processing item 68665df48f34929823fa274a
[INFO] 2025-08-28T10:41:58.631Z - Skipping item 68665df4b52ed62fa6dac387 - no image field found
[INFO] 2025-08-28T10:41:58.631Z - Processing item: 68665df48f34929823fa274a
  → {
  "name": "From Las Palmas: Treasures of Gran Canaria Tour",
  "slug": "from-las-palmas-treasures-of-gran-canaria-tour"
}
[INFO] 2025-08-28T10:41:58.631Z - Processing item: 68665df425c8deee60cc686a
  → {
  "name": "Lanzarote: Timanfaya Eruptions Volcano Trekking Tour",
  "slug": "lanzarote-timanfaya-eruptions-volcano-trekking-tour"
}
[STEP] 2025-08-28T10:41:58.631Z - [164/848] Worker 6 processing item 68665df44654135be79ef3b2
[INFO] 2025-08-28T10:41:58.631Z - Skipping item 68665df48f34929823fa274a - no image field found
[INFO] 2025-08-28T10:41:58.632Z - Skipping item 68665df44654135be79ef3b2 - no image field found
[INFO] 2025-08-28T10:41:58.631Z - Processing item: 68665df44654135be79ef3b2
  → {
  "name": "Budapest: Buda Castle Vampires & Myths Evening Walking Tour",
  "slug": "budapest-buda-castle-vampires-myths-evening-walking-tour"
}
[STEP] 2025-08-28T10:41:58.632Z - [165/848] Worker 6 processing item 68665df485677a7394c584f7
[INFO] 2025-08-28T10:41:58.632Z - Processing item: 68665df485677a7394c584f7
  → {
  "name": "Fuerteventura: Sailing Tour of Lobos Island",
  "slug": "fuerteventura-sailing-tour-of-lobos-island"
}
[INFO] 2025-08-28T10:41:58.632Z - Skipping item 68665df485677a7394c584f7 - no image field found
[STEP] 2025-08-28T10:41:58.632Z - [166/848] Worker 6 processing item 68665df48590cc5c72301584
[INFO] 2025-08-28T10:41:58.632Z - Processing item: 68665df48590cc5c72301584
  → {
  "name": "Budapest: Buda Castle District Vampires and Myths Night Tour",
  "slug": "budapest-buda-castle-district-vampires-and-myths-night-tour"
}
[INFO] 2025-08-28T10:41:58.632Z - Skipping item 68665df48590cc5c72301584 - no image field found
[STEP] 2025-08-28T10:41:58.632Z - [167/848] Worker 6 processing item 68665df35ee80adb394f47c4
[INFO] 2025-08-28T10:41:58.632Z - Processing item: 68665df35ee80adb394f47c4
  → {
  "name": "Gran Canaria: The Red Canyon Tour with Local Food Tasting",
  "slug": "gran-canaria-the-red-canyon-tour-with-local-food-tasting"
}
[INFO] 2025-08-28T10:41:58.632Z - Skipping item 68665df35ee80adb394f47c4 - no image field found
[STEP] 2025-08-28T10:41:58.632Z - [168/848] Worker 6 processing item 68665df3b60feab0105f9037
[INFO] 2025-08-28T10:41:58.632Z - Processing item: 68665df3b60feab0105f9037
  → {
  "name": "Half-Day Etyek Wine Tour from Budapest with Meal",
  "slug": "half-day-etyek-wine-tour-from-budapest-with-meal"
}
[INFO] 2025-08-28T10:41:58.632Z - Skipping item 68665df3b60feab0105f9037 - no image field found
[STEP] 2025-08-28T10:41:58.632Z - [169/848] Worker 6 processing item 68665df35ee217c9bc8a7eec
[INFO] 2025-08-28T10:41:58.632Z - Processing item: 68665df35ee217c9bc8a7eec
  → {
  "name": "From Adeje: Mt. Teide Forest Off-Road Quad Tour",
  "slug": "from-adeje-mt-teide-forest-off-road-quad-tour"
}
[INFO] 2025-08-28T10:41:58.632Z - Skipping item 68665df35ee217c9bc8a7eec - no image field found
[STEP] 2025-08-28T10:41:58.632Z - [170/848] Worker 6 processing item 68665df38e6a5a904142d85c
[INFO] 2025-08-28T10:41:58.632Z - Skipping item 68665df38e6a5a904142d85c - no image field found
[INFO] 2025-08-28T10:41:58.632Z - Progress: 170/848 completed
[STEP] 2025-08-28T10:41:58.632Z - [171/848] Worker 6 processing item 68665df3030f5cf6993b8f1a
[INFO] 2025-08-28T10:41:58.632Z - Processing item: 68665df3030f5cf6993b8f1a
  → {
  "name": "Budapest: City Highlights Cruise with Welcome Drink",
  "slug": "budapest-city-highlights-cruise-with-welcome-drink"
}
[INFO] 2025-08-28T10:41:58.632Z - Skipping item 68665df3030f5cf6993b8f1a - no image field found
[INFO] 2025-08-28T10:41:58.632Z - Processing item: 68665df38e6a5a904142d85c
  → {
  "name": "Budapest: Buda Castle Cave Tour",
  "slug": "budapest-buda-castle-cave-tour"
}
[STEP] 2025-08-28T10:41:58.632Z - [172/848] Worker 6 processing item 68665df3b5e62610dcef2902
[INFO] 2025-08-28T10:41:58.632Z - Processing item: 68665df3b5e62610dcef2902
  → {
  "name": "Budapest: Hungarian Wine Tasting Experience",
  "slug": "budapest-hungarian-wine-tasting-experience"
}
[INFO] 2025-08-28T10:41:58.632Z - Skipping item 68665df3b5e62610dcef2902 - no image field found
[INFO] 2025-08-28T10:41:58.632Z - Skipping item 68665df3afab266dc2dd0c5a - no image field found
[INFO] 2025-08-28T10:41:58.632Z - Processing item: 68665df3afab266dc2dd0c5a
  → {
  "name": "3-Hour Orientation Walking Tour of Buda and Pest",
  "slug": "3-hour-orientation-walking-tour-of-buda-and-pest"
}
[STEP] 2025-08-28T10:41:58.632Z - [174/848] Worker 6 processing item 68665df36c0fb8768408607c
[STEP] 2025-08-28T10:41:58.632Z - [173/848] Worker 6 processing item 68665df3afab266dc2dd0c5a
[INFO] 2025-08-28T10:41:58.632Z - Processing item: 68665df36c0fb8768408607c
  → {
  "name": "Budapest: Jewish Heritage Guided Tour with Synagogue Ticket",
  "slug": "budapest-jewish-heritage-guided-tour-with-synagogue-ticket"
}
[INFO] 2025-08-28T10:41:58.632Z - Skipping item 68665df36c0fb8768408607c - no image field found
[STEP] 2025-08-28T10:41:58.632Z - [175/848] Worker 6 processing item 68665df35106529ba420aeb0
[INFO] 2025-08-28T10:41:58.632Z - Skipping item 68665df35106529ba420aeb0 - no image field found
[INFO] 2025-08-28T10:41:58.632Z - Processing item: 68665df35106529ba420aeb0
  → {
  "name": "Barcelona: Montserrat & Ancient Winery Tour with Tapas/Lunch",
  "slug": "barcelona-montserrat-ancient-winery-tour-with-tapas-lunch"
}
[INFO] 2025-08-28T10:41:58.632Z - Processing item: 68665df3b5e62610dcef28c6
  → {
  "name": "Barcelona: Daytime or Sunset Catamaran Cruise with Music",
  "slug": "barcelona-daytime-or-sunset-catamaran-cruise-with-music"
}
[INFO] 2025-08-28T10:41:58.633Z - Skipping item 68665df3b5e62610dcef28c6 - no image field found
[STEP] 2025-08-28T10:41:58.632Z - [176/848] Worker 6 processing item 68665df3b5e62610dcef28c6
[STEP] 2025-08-28T10:41:58.633Z - [177/848] Worker 6 processing item 68665df3e5fde51a7ee908e2
[INFO] 2025-08-28T10:41:58.633Z - Processing item: 68665df3e5fde51a7ee908e2
  → {
  "name": "Barcelona: Sagrada Familia Skip-the-Line Entry Ticket & Tour",
  "slug": "barcelona-sagrada-familia-skip-the-line-entry-ticket-tour"
}
[INFO] 2025-08-28T10:41:58.633Z - Skipping item 68665df3e5fde51a7ee908e2 - no image field found
[STEP] 2025-08-28T10:41:58.633Z - [178/848] Worker 6 processing item 68665df2d9e1ff67640c92a8
[INFO] 2025-08-28T10:41:58.633Z - Skipping item 68665df2d9e1ff67640c92a8 - no image field found
[STEP] 2025-08-28T10:41:58.633Z - [179/848] Worker 6 processing item 68665df26c0fb87684085ffb
[INFO] 2025-08-28T10:41:58.633Z - Processing item: 68665df26c0fb87684085ffb
  → {
  "name": "Amsterdam: 1-Hour Cheese and Wine Tasting by Old Amsterdam",
  "slug": "amsterdam-1-hour-cheese-and-wine-tasting-by-old-amsterdam"
}
[INFO] 2025-08-28T10:41:58.633Z - Skipping item 68665df26c0fb87684085ffb - no image field found
[STEP] 2025-08-28T10:41:58.633Z - [180/848] Worker 6 processing item 68665df2ca902947fe3d3579
[INFO] 2025-08-28T10:41:58.633Z - Processing item: 68665df2ca902947fe3d3579
  → {
  "name": "Amsterdam: Jewish Quarter Walking Tour",
  "slug": "amsterdam-jewish-quarter-walking-tour"
}
[INFO] 2025-08-28T10:41:58.633Z - Skipping item 68665df2ca902947fe3d3579 - no image field found
[INFO] 2025-08-28T10:41:58.633Z - Progress: 180/848 completed
[STEP] 2025-08-28T10:41:58.633Z - [181/848] Worker 6 processing item 68665df26cb1fdaa1912c719
[INFO] 2025-08-28T10:41:58.633Z - Processing item: 68665df26cb1fdaa1912c719
  → {
  "name": "Amsterdam: Countryside and Villages Bike Tour",
  "slug": "amsterdam-countryside-and-villages-bike-tour"
}
[INFO] 2025-08-28T10:41:58.633Z - Processing item: 68665df2d9e1ff67640c92a8
  → {
  "name": "Barcelona: Park Guell Guided Tour with Skip The Line Entry",
  "slug": "barcelona-park-guell-guided-tour-with-skip-the-line-entry"
}
[INFO] 2025-08-28T10:41:58.633Z - Skipping item 68665df26cb1fdaa1912c719 - no image field found
[STEP] 2025-08-28T10:41:58.633Z - [182/848] Worker 6 processing item 68665df2f914ddd27fda463c
[INFO] 2025-08-28T10:41:58.633Z - Processing item: 68665df2f914ddd27fda463c
  → {
  "name": "Barcelona: Montserrat Tour, Monastery & Optional Wine/Lunch",
  "slug": "barcelona-montserrat-tour-monastery-optional-wine-lunch"
}
[INFO] 2025-08-28T10:41:58.633Z - Skipping item 68665df2f914ddd27fda463c - no image field found
[INFO] 2025-08-28T10:41:58.633Z - Skipping item 68665df2030f5cf6993b8e97 - no image field found
[STEP] 2025-08-28T10:41:58.633Z - [183/848] Worker 6 processing item 68665df2030f5cf6993b8e97
[INFO] 2025-08-28T10:41:58.633Z - Processing item: 68665df23e7c062601387638
  → {
  "name": "Barcelona: Sailing Cruise and Vineyard Visit with Tasting",
  "slug": "barcelona-sailing-cruise-and-vineyard-visit-with-tasting"
}
[STEP] 2025-08-28T10:41:58.633Z - [184/848] Worker 6 processing item 68665df23e7c062601387638
[INFO] 2025-08-28T10:41:58.633Z - Processing item: 68665df2030f5cf6993b8e97
  → {
  "name": "Barcelona: Ghosts and Legends Tour",
  "slug": "barcelona-ghosts-and-legends-tour"
}
[INFO] 2025-08-28T10:41:58.633Z - Skipping item 68665df23e7c062601387638 - no image field found
[INFO] 2025-08-28T10:41:58.633Z - Processing item: 68665df2c08afc61dee3e441
  → {
  "name": "Barcelona: La Pedrera Sunrise Guided Tour",
  "slug": "barcelona-la-pedrera-sunrise-guided-tour"
}
[STEP] 2025-08-28T10:41:58.633Z - [185/848] Worker 6 processing item 68665df2c08afc61dee3e441
[INFO] 2025-08-28T10:41:58.633Z - Processing item: 68665df21c6bf3886a625880
  → {
  "name": "Amsterdam: Cultural Inner City Tour in German or English",
  "slug": "amsterdam-cultural-inner-city-tour-in-german-or-english"
}
[INFO] 2025-08-28T10:41:58.633Z - Skipping item 68665df2c08afc61dee3e441 - no image field found
[INFO] 2025-08-28T10:41:58.633Z - Skipping item 68665df21c6bf3886a625880 - no image field found
[STEP] 2025-08-28T10:41:58.633Z - [186/848] Worker 6 processing item 68665df21c6bf3886a625880
[STEP] 2025-08-28T10:41:58.634Z - [187/848] Worker 6 processing item 68665df236c5a127f1424d0f
[INFO] 2025-08-28T10:41:58.634Z - Skipping item 68665df236c5a127f1424d0f - no image field found
[INFO] 2025-08-28T10:41:58.634Z - Processing item: 68665df236c5a127f1424d0f
  → {
  "name": "Amsterdam: Johan Cruijff ArenA Tour with Optional Guide",
  "slug": "amsterdam-johan-cruijff-arena-tour-with-optional-guide"
}
[STEP] 2025-08-28T10:41:58.634Z - [188/848] Worker 6 processing item 68665df25106529ba420ae1d
[INFO] 2025-08-28T10:41:58.634Z - Skipping item 68665df25106529ba420ae1d - no image field found
[INFO] 2025-08-28T10:41:58.634Z - Processing item: 68665df12180513846d3da73
  → {
  "name": "Amsterdam: Zaanse Schans, Edam, Volendam & Marken Bus Tour",
  "slug": "amsterdam-zaanse-schans-edam-volendam-marken-bus-tour"
}
[INFO] 2025-08-28T10:41:58.634Z - Skipping item 68665df12180513846d3da73 - no image field found
[STEP] 2025-08-28T10:41:58.634Z - [189/848] Worker 6 processing item 68665df12180513846d3da73
[STEP] 2025-08-28T10:41:58.634Z - [190/848] Worker 6 processing item 68665df1aae54dc9794800d5
[INFO] 2025-08-28T10:41:58.634Z - Processing item: 68665df25106529ba420ae1d
  → {
  "name": "Amsterdam: House of Bols Experience and Cocktail Workshop",
  "slug": "amsterdam-house-of-bols-experience-and-cocktail-workshop"
}
[INFO] 2025-08-28T10:41:58.634Z - Processing item: 68665df1aae54dc9794800d5
  → {
  "name": "Amsterdam: Life of Anne Frank and World War II Walking Tour",
  "slug": "amsterdam-life-of-anne-frank-and-world-war-ii-walking-tour"
}
[INFO] 2025-08-28T10:41:58.634Z - Progress: 190/848 completed
[STEP] 2025-08-28T10:41:58.634Z - [191/848] Worker 6 processing item 68640fbf1601540112454f8e
[INFO] 2025-08-28T10:41:58.634Z - Skipping item 68665df1aae54dc9794800d5 - no image field found
[INFO] 2025-08-28T10:41:58.634Z - Processing item: 68640fbf1601540112454f8e
  → {
  "name": "Rome must-dos and day trips, tried and tested by Techie",
  "slug": "rome-must-dos-and-day-trips-tried-and-tested-by-techie"
}
[INFO] 2025-08-28T10:41:58.634Z - Processing image for item 68640fbf1601540112454f8e
  → {
  "imageUrl": "https://cdn.prod.website-files.com/6855658fef28d7818b1ddc6b/686d73893a52ccb65e49f9fa_7kz34vri3PngJFn77ZtVgT2YG463IDjmtOKVfP7iFE0acAxl.avif",
  "field": "image",
  "itemName": "Rome must-dos and day trips, tried and tested by Techie"
}
[INFO] 2025-08-28T10:41:58.639Z - Downloaded image: 65 KB
[ERROR] 2025-08-28T10:41:58.645Z - Failed to process item 686ff4fb9acbef8702463cd9
[ERROR] 2025-08-28T10:41:58.645Z - Failed to process image for item 686ff4fb9acbef8702463cd9
  → {
  "message": "source: bad seek to 66177\nheif: Invalid input: Unspecified: Bitstream not supported by this decoder (2.0)"
}
[STEP] 2025-08-28T10:41:58.646Z - [192/848] Worker 5 processing item 68640fbe9572bff9e1e15dc3
[INFO] 2025-08-28T10:41:58.646Z - Skipping item 68640fbe9572bff9e1e15dc3 - no image field found
[STEP] 2025-08-28T10:41:58.646Z - [193/848] Worker 5 processing item 68640fbe412b3e02b747bfec
[INFO] 2025-08-28T10:41:58.646Z - Processing item: 68640fbe412b3e02b747bfec
  → {
  "name": "Experience NYC’s most iconic landmarks like @loving_newyork",
  "slug": "experience-nycs-most-iconic-landmarks-like-loving-newyork"
}
[INFO] 2025-08-28T10:41:58.646Z - Processing image for item 68640fbe412b3e02b747bfec
  → {
  "imageUrl": "https://cdn.prod.website-files.com/6855658fef28d7818b1ddc6b/686d7386dc2e45e244e019bb_7kz34vri3Pngnzuk7YItLkjYiyXMcgIdBxP4FJCEZ6sev3p7.avif",
  "field": "image",
  "itemName": "Experience NYC’s most iconic landmarks like @loving_newyork"
}
[INFO] 2025-08-28T10:41:58.646Z - Processing item: 68640fbe9572bff9e1e15dc3
  → {
  "name": "Broadway, day trips, and more: @TwoMakeTravel’s NYC must-dos",
  "slug": "broadway-day-trips-and-more-twomaketravels-nyc-must-dos"
}
[INFO] 2025-08-28T10:41:58.759Z - Downloaded image: 52 KB
[ERROR] 2025-08-28T10:41:58.762Z - Failed to process image for item 686ff44f25d3d7374c0e9e5f
  → {
  "message": "source: bad seek to 52799\nheif: Invalid input: Unspecified: Bitstream not supported by this decoder (2.0)"
}
[ERROR] 2025-08-28T10:41:58.762Z - Failed to process item 686ff44f25d3d7374c0e9e5f
[INFO] 2025-08-28T10:41:58.762Z - Processing item: 68640fbef32fe6164e585c60
  → {
  "name": "Sunset to speakeasy: @call.it.a.holiday’s top New York picks",
  "slug": "sunset-to-speakeasy-call-it-a-holidays-top-new-york-picks"
}
[INFO] 2025-08-28T10:41:58.762Z - Processing image for item 68640fbef32fe6164e585c60
  → {
  "imageUrl": "https://cdn.prod.website-files.com/6855658fef28d7818b1ddc6b/686d738ce76a17a3482c4a0d_7kz34vri3PngilG9F8WIh8GxFpdENMWBwV2kLf1cgZjJDUrO.avif",
  "field": "image",
  "itemName": "Sunset to speakeasy: @call.it.a.holiday’s top New York picks"
}
[STEP] 2025-08-28T10:41:58.762Z - [194/848] Worker 2 processing item 68640fbef32fe6164e585c60
[INFO] 2025-08-28T10:41:58.805Z - Downloaded image: 35 KB
[INFO] 2025-08-28T10:41:58.843Z - Downloaded image: 89 KB
[ERROR] 2025-08-28T10:41:58.846Z - Failed to process image for item 686ff3dd7c599949e094da93
  → {
  "message": "source: bad seek to 91344\nheif: Invalid input: Unspecified: Bitstream not supported by this decoder (2.0)"
}
[STEP] 2025-08-28T10:41:58.847Z - [195/848] Worker 1 processing item 68640fbd21295913dcbf4be0
[INFO] 2025-08-28T10:41:58.847Z - Processing item: 68640fbd21295913dcbf4be0
  → {
  "name": "Eva and Mehdi choose their top tickets for iconic NYC views",
  "slug": "eva-and-mehdi-choose-their-top-tickets-for-iconic-nyc-views"
}
[INFO] 2025-08-28T10:41:58.847Z - Processing image for item 68640fbd21295913dcbf4be0
  → {
  "imageUrl": "https://cdn.prod.website-files.com/6855658fef28d7818b1ddc6b/686d738781442ad14a6b8244_7kz34vri3PngT1p449PXDKSQMIlw3cgbfBakP2ZUONidzLE6.avif",
  "field": "image",
  "itemName": "Eva and Mehdi choose their top tickets for iconic NYC views"
}
[ERROR] 2025-08-28T10:41:58.847Z - Failed to process item 686ff3dd7c599949e094da93
[INFO] 2025-08-28T10:41:58.856Z - Downloaded image: 75 KB
[ERROR] 2025-08-28T10:41:58.859Z - Failed to process image for item 686ff39e51e8787ff0fde7a6
  → {
  "message": "source: bad seek to 77036\nheif: Invalid input: Unspecified: Bitstream not supported by this decoder (2.0)"
}
[ERROR] 2025-08-28T10:41:58.860Z - Failed to process item 686ff39e51e8787ff0fde7a6
[STEP] 2025-08-28T10:41:58.860Z - [196/848] Worker 4 processing item 68640fbde14c35e753dc1c5d
[INFO] 2025-08-28T10:41:58.860Z - Processing item: 68640fbde14c35e753dc1c5d
  → {
  "name": "Discover Dionne’s most-loved Marrakesh desert adventures",
  "slug": "discover-dionnes-most-loved-marrakesh-desert-adventures"
}
[INFO] 2025-08-28T10:41:58.860Z - Processing image for item 68640fbde14c35e753dc1c5d
  → {
  "imageUrl": "https://cdn.prod.website-files.com/6855658fef28d7818b1ddc6b/686d739d4bf1f60970036a91_7kz34vri3PnghvDYg69mFdfwXKec8I1g6BqnRu5L7SrxU24l.avif",
  "field": "image",
  "itemName": "Discover Dionne’s most-loved Marrakesh desert adventures"
}
[INFO] 2025-08-28T10:41:58.861Z - Downloaded image: 11 KB
[INFO] 2025-08-28T10:41:58.960Z - Downloaded image: 30 KB
[INFO] 2025-08-28T10:41:59.120Z - Downloaded image: 12 KB
[INFO] 2025-08-28T10:41:59.120Z - Downloaded image: 32 KB
