[INFO] 2025-08-28T10:53:37.811Z - Looking for 3 specific items with images
[INFO] 2025-08-28T10:53:37.811Z - Starting image compression flow test
[INFO] 2025-08-28T10:53:40.677Z - Found 3 items to process
[STEP] 2025-08-28T10:53:40.678Z - [1/3] Processing item 685eab65aa5563bffb4f8fc9
[INFO] 2025-08-28T10:53:40.679Z - Processing image for item 685eab65aa5563bffb4f8fc9
  → {
  "imageUrl": "https://cdn.prod.website-files.com/6855658fef28d7818b1ddc6b/686d74d7ebc21ca52f023760_7kz34vri3Png9n2F4RY6XTaMYnGPLh5VADj8WtBszEZpQdkx.avif",
  "field": "image"
}
[INFO] 2025-08-28T10:53:40.678Z - Item structure
  → {
  "id": "685eab65aa5563bffb4f8fc9",
  "name": "Explore the top things to do in Testaccio, Rome",
  "hasImage": true,
  "imageUrl": "https://cdn.prod.website-files.com/6855658fef28d7818b1ddc6b/686d74d7ebc21ca52f023760_7kz34vri3Png9n2F4RY6XTaMYnGPLh5VADj8WtBszEZpQdkx.avif"
}
[INFO] 2025-08-28T10:53:42.368Z - Image compressed
  → {
  "originalSize": 26,
  "compressedSize": 26,
  "compressionRatio": 1
}
[SUCCESS] 2025-08-28T10:53:42.368Z - Compressed image written for item 685eab65aa5563bffb4f8fc9
[STEP] 2025-08-28T10:53:42.368Z - [2/3] Processing item 685eab6548ab3a68015c1c9a
[INFO] 2025-08-28T10:53:42.369Z - Item structure
  → {
  "id": "685eab6548ab3a68015c1c9a",
  "name": "The best neighborhoods in Rome, from Trastevere to Testaccio",
  "hasImage": true,
  "imageUrl": "https://cdn.prod.website-files.com/6855658fef28d7818b1ddc6b/686d74e65706e461a6ce98f0_7kz34vri3PngwjBBZgxqs4SIavujZJLRitlQFTh0qDxWf7UE.avif"
}
[INFO] 2025-08-28T10:53:42.369Z - Processing image for item 685eab6548ab3a68015c1c9a
  → {
  "imageUrl": "https://cdn.prod.website-files.com/6855658fef28d7818b1ddc6b/686d74e65706e461a6ce98f0_7kz34vri3PngwjBBZgxqs4SIavujZJLRitlQFTh0qDxWf7UE.avif",
  "field": "image"
}
[INFO] 2025-08-28T10:53:43.888Z - Image compressed
  → {
  "originalSize": 21,
  "compressedSize": 21,
  "compressionRatio": 1
}
[SUCCESS] 2025-08-28T10:53:43.889Z - Compressed image written for item 685eab6548ab3a68015c1c9a
[STEP] 2025-08-28T10:53:43.889Z - [3/3] Processing item 685eab6403fcee3fd17e683f
[INFO] 2025-08-28T10:53:43.889Z - Processing image for item 685eab6403fcee3fd17e683f
  → {
  "imageUrl": "https://cdn.prod.website-files.com/6855658fef28d7818b1ddc6b/686d74e5e48e2becdc3717f5_7kz34vri3PngU1tPDk6dXSNmnFqRPAW2pi4VleYIuBDEzjsK.avif",
  "field": "image"
}
[INFO] 2025-08-28T10:53:43.889Z - Item structure
  → {
  "id": "685eab6403fcee3fd17e683f",
  "name": "Rome in fall: 8 best attractions and activities",
  "hasImage": true,
  "imageUrl": "https://cdn.prod.website-files.com/6855658fef28d7818b1ddc6b/686d74e5e48e2becdc3717f5_7kz34vri3PngU1tPDk6dXSNmnFqRPAW2pi4VleYIuBDEzjsK.avif"
}
[INFO] 2025-08-28T10:53:45.161Z - Image compressed
  → {
  "originalSize": 40,
  "compressedSize": 40,
  "compressionRatio": 1
}
[SUCCESS] 2025-08-28T10:53:45.162Z - Compressed image written for item 685eab6403fcee3fd17e683f
[SUCCESS] 2025-08-28T10:53:45.162Z - Image compression flow test completed
